2025-11-15 05:23:46 - INFO - Logging initialized. Log file: C:\work\git\videoDowloadApp\services\logs\douyin_downloader_20251115_052346.log
2025-11-15 05:23:46 - INFO - Cookie đã được set (length: 6394)
2025-11-15 05:23:46 - INFO - Phát hiện direct video URL, bỏ qua normalize: https://sf5-hl-cdn-tos.douyinstatic.com/obj/ies-music/7289703447329295162.mp3...
2025-11-15 05:23:46 - INFO - Phát hiện direct video URL: https://sf5-hl-cdn-tos.douyinstatic.com/obj/ies-music/7289703447329295162.mp3...
2025-11-15 05:23:46 - WARNING - Direct video URL có thể hết hạn, nhưng vẫn thử tải
2025-11-15 05:23:46 - INFO - Lưu video vào thư mục: F:/doyenVideoDowloads\Unknown
2025-11-15 05:23:52 - INFO - Phát hiện direct video URL, bỏ qua normalize: https://v5-hl-szyd-ov.zjcdn.com/0984992c0022f8e328eea67f77ed67f3/6917a5bf/video/tos/cn/tos-cn-ve-15/...
2025-11-15 05:23:52 - INFO - Phát hiện direct video URL: https://v5-hl-szyd-ov.zjcdn.com/0984992c0022f8e328eea67f77ed67f3/6917a5bf/video/tos/cn/tos-cn-ve-15/...
2025-11-15 05:23:52 - WARNING - Direct video URL có thể hết hạn, nhưng vẫn thử tải
2025-11-15 05:23:52 - INFO - Lưu video vào thư mục: F:/doyenVideoDowloads\Unknown
2025-11-15 05:23:52 - INFO - Phát hiện direct video URL, bỏ qua normalize: https://v5-hl-szyd-ov.zjcdn.com/0394c64ffd4541d229c0e325d0a3e96a/6917a5bd/video/tos/cn/tos-cn-ve-15/...
2025-11-15 05:23:52 - INFO - Phát hiện direct video URL: https://v5-hl-szyd-ov.zjcdn.com/0394c64ffd4541d229c0e325d0a3e96a/6917a5bd/video/tos/cn/tos-cn-ve-15/...
2025-11-15 05:23:52 - WARNING - Direct video URL có thể hết hạn, nhưng vẫn thử tải
2025-11-15 05:23:52 - INFO - Lưu video vào thư mục: F:/doyenVideoDowloads\Unknown
2025-11-15 05:23:52 - INFO - Phát hiện direct video URL, bỏ qua normalize: https://v5-hl-szyd-ov.zjcdn.com/409892e9ba6ce320bd82fb9306385c6c/6917a5c1/video/tos/cn/tos-cn-ve-15/...
2025-11-15 05:23:52 - INFO - Phát hiện direct video URL: https://v5-hl-szyd-ov.zjcdn.com/409892e9ba6ce320bd82fb9306385c6c/6917a5c1/video/tos/cn/tos-cn-ve-15/...
2025-11-15 05:23:52 - WARNING - Direct video URL có thể hết hạn, nhưng vẫn thử tải
2025-11-15 05:23:52 - INFO - Lưu video vào thư mục: F:/doyenVideoDowloads\Unknown
2025-11-15 05:23:53 - INFO - Phát hiện direct video URL, bỏ qua normalize: https://v5-hl-szyd-ov.zjcdn.com/88cb6858f83f277f6163f22a2bf344f5/6917a5bb/video/tos/cn/tos-cn-ve-15/...
2025-11-15 05:23:53 - INFO - Phát hiện direct video URL: https://v5-hl-szyd-ov.zjcdn.com/88cb6858f83f277f6163f22a2bf344f5/6917a5bb/video/tos/cn/tos-cn-ve-15/...
2025-11-15 05:23:53 - WARNING - Direct video URL có thể hết hạn, nhưng vẫn thử tải
2025-11-15 05:23:53 - INFO - Lưu video vào thư mục: F:/doyenVideoDowloads\Unknown
2025-11-15 05:23:53 - INFO - Phát hiện direct video URL, bỏ qua normalize: https://v5-hl-szyd-ov.zjcdn.com/8625206929ef56b06b7a08584a00afba/6917a5be/video/tos/cn/tos-cn-ve-15/...
2025-11-15 05:23:53 - INFO - Phát hiện direct video URL: https://v5-hl-szyd-ov.zjcdn.com/8625206929ef56b06b7a08584a00afba/6917a5be/video/tos/cn/tos-cn-ve-15/...
2025-11-15 05:23:53 - WARNING - Direct video URL có thể hết hạn, nhưng vẫn thử tải
2025-11-15 05:23:53 - INFO - Lưu video vào thư mục: F:/doyenVideoDowloads\Unknown
2025-11-15 05:23:53 - INFO - Phát hiện direct video URL, bỏ qua normalize: https://v5-hl-szyd-ov.zjcdn.com/a7b8b31a122554f7956493c6c2717d9c/6917a5bc/video/tos/cn/tos-cn-ve-15/...
2025-11-15 05:23:53 - INFO - Phát hiện direct video URL: https://v5-hl-szyd-ov.zjcdn.com/a7b8b31a122554f7956493c6c2717d9c/6917a5bc/video/tos/cn/tos-cn-ve-15/...
2025-11-15 05:23:53 - WARNING - Direct video URL có thể hết hạn, nhưng vẫn thử tải
2025-11-15 05:23:53 - INFO - Lưu video vào thư mục: F:/doyenVideoDowloads\Unknown
2025-11-15 05:23:53 - INFO - Download stopped by user during file download
