2025-11-15 05:20:34 - INFO - Logging initialized. Log file: C:\work\git\videoDowloadApp\services\logs\douyin_downloader_20251115_052034.log
2025-11-15 05:20:34 - INFO - Cookie đã được set (length: 6394)
2025-11-15 05:20:34 - INFO - Phát hiện direct video URL, bỏ qua normalize: https://sf5-hl-cdn-tos.douyinstatic.com/obj/ies-music/7289703447329295162.mp3...
2025-11-15 05:20:34 - INFO - Phát hiện direct video URL: https://sf5-hl-cdn-tos.douyinstatic.com/obj/ies-music/7289703447329295162.mp3...
2025-11-15 05:20:34 - WARNING - Direct video URL có thể hết hạn, nhưng vẫn thử tải
2025-11-15 05:20:34 - INFO - Lưu video vào thư mục: F:/doyenVideoDowloads\Unknown
2025-11-15 05:20:37 - INFO - Phát hiện direct video URL, bỏ qua normalize: https://v5-hl-szyd-ov.zjcdn.com/0984992c0022f8e328eea67f77ed67f3/6917a5bf/video/tos/cn/tos-cn-ve-15/...
2025-11-15 05:20:37 - INFO - Phát hiện direct video URL: https://v5-hl-szyd-ov.zjcdn.com/0984992c0022f8e328eea67f77ed67f3/6917a5bf/video/tos/cn/tos-cn-ve-15/...
2025-11-15 05:20:37 - WARNING - Direct video URL có thể hết hạn, nhưng vẫn thử tải
2025-11-15 05:20:37 - INFO - Lưu video vào thư mục: F:/doyenVideoDowloads\Unknown
2025-11-15 05:20:38 - INFO - Phát hiện direct video URL, bỏ qua normalize: https://v5-hl-szyd-ov.zjcdn.com/0394c64ffd4541d229c0e325d0a3e96a/6917a5bd/video/tos/cn/tos-cn-ve-15/...
2025-11-15 05:20:38 - INFO - Phát hiện direct video URL: https://v5-hl-szyd-ov.zjcdn.com/0394c64ffd4541d229c0e325d0a3e96a/6917a5bd/video/tos/cn/tos-cn-ve-15/...
2025-11-15 05:20:38 - WARNING - Direct video URL có thể hết hạn, nhưng vẫn thử tải
2025-11-15 05:20:38 - INFO - Lưu video vào thư mục: F:/doyenVideoDowloads\Unknown
2025-11-15 05:20:38 - INFO - Phát hiện direct video URL, bỏ qua normalize: https://v5-hl-szyd-ov.zjcdn.com/409892e9ba6ce320bd82fb9306385c6c/6917a5c1/video/tos/cn/tos-cn-ve-15/...
2025-11-15 05:20:38 - INFO - Phát hiện direct video URL: https://v5-hl-szyd-ov.zjcdn.com/409892e9ba6ce320bd82fb9306385c6c/6917a5c1/video/tos/cn/tos-cn-ve-15/...
2025-11-15 05:20:38 - WARNING - Direct video URL có thể hết hạn, nhưng vẫn thử tải
2025-11-15 05:20:38 - INFO - Lưu video vào thư mục: F:/doyenVideoDowloads\Unknown
2025-11-15 05:20:38 - INFO - Phát hiện direct video URL, bỏ qua normalize: https://v5-hl-szyd-ov.zjcdn.com/88cb6858f83f277f6163f22a2bf344f5/6917a5bb/video/tos/cn/tos-cn-ve-15/...
2025-11-15 05:20:38 - INFO - Phát hiện direct video URL: https://v5-hl-szyd-ov.zjcdn.com/88cb6858f83f277f6163f22a2bf344f5/6917a5bb/video/tos/cn/tos-cn-ve-15/...
2025-11-15 05:20:38 - WARNING - Direct video URL có thể hết hạn, nhưng vẫn thử tải
2025-11-15 05:20:38 - INFO - Lưu video vào thư mục: F:/doyenVideoDowloads\Unknown
2025-11-15 05:20:38 - INFO - Phát hiện direct video URL, bỏ qua normalize: https://v5-hl-szyd-ov.zjcdn.com/8625206929ef56b06b7a08584a00afba/6917a5be/video/tos/cn/tos-cn-ve-15/...
2025-11-15 05:20:38 - INFO - Phát hiện direct video URL: https://v5-hl-szyd-ov.zjcdn.com/8625206929ef56b06b7a08584a00afba/6917a5be/video/tos/cn/tos-cn-ve-15/...
2025-11-15 05:20:38 - WARNING - Direct video URL có thể hết hạn, nhưng vẫn thử tải
2025-11-15 05:20:38 - INFO - Lưu video vào thư mục: F:/doyenVideoDowloads\Unknown
2025-11-15 05:20:38 - INFO - Phát hiện direct video URL, bỏ qua normalize: https://v5-hl-szyd-ov.zjcdn.com/a7b8b31a122554f7956493c6c2717d9c/6917a5bc/video/tos/cn/tos-cn-ve-15/...
2025-11-15 05:20:38 - INFO - Phát hiện direct video URL: https://v5-hl-szyd-ov.zjcdn.com/a7b8b31a122554f7956493c6c2717d9c/6917a5bc/video/tos/cn/tos-cn-ve-15/...
2025-11-15 05:20:38 - WARNING - Direct video URL có thể hết hạn, nhưng vẫn thử tải
2025-11-15 05:20:38 - INFO - Lưu video vào thư mục: F:/doyenVideoDowloads\Unknown
2025-11-15 05:20:39 - INFO - Phát hiện direct video URL, bỏ qua normalize: https://v5-hl-szyd-ov.zjcdn.com/258b263b09c57930b2a4d256bd489ecd/6917a5bc/video/tos/cn/tos-cn-ve-15/...
2025-11-15 05:20:39 - INFO - Phát hiện direct video URL: https://v5-hl-szyd-ov.zjcdn.com/258b263b09c57930b2a4d256bd489ecd/6917a5bc/video/tos/cn/tos-cn-ve-15/...
2025-11-15 05:20:39 - WARNING - Direct video URL có thể hết hạn, nhưng vẫn thử tải
2025-11-15 05:20:39 - INFO - Lưu video vào thư mục: F:/doyenVideoDowloads\Unknown
2025-11-15 05:20:39 - INFO - Phát hiện direct video URL, bỏ qua normalize: https://v5-hl-szyd-ov.zjcdn.com/dd6e1ccbd04f3640ec90dcaf6ce751c1/6917a5c1/video/tos/cn/tos-cn-ve-15/...
2025-11-15 05:20:39 - INFO - Phát hiện direct video URL: https://v5-hl-szyd-ov.zjcdn.com/dd6e1ccbd04f3640ec90dcaf6ce751c1/6917a5c1/video/tos/cn/tos-cn-ve-15/...
2025-11-15 05:20:39 - WARNING - Direct video URL có thể hết hạn, nhưng vẫn thử tải
2025-11-15 05:20:39 - INFO - Lưu video vào thư mục: F:/doyenVideoDowloads\Unknown
2025-11-15 05:20:39 - INFO - Phát hiện direct video URL, bỏ qua normalize: https://v5-hl-szyd-ov.zjcdn.com/e62f53410517072e07fe6122f772de93/6917a5c1/video/tos/cn/tos-cn-ve-15/...
2025-11-15 05:20:39 - INFO - Phát hiện direct video URL: https://v5-hl-szyd-ov.zjcdn.com/e62f53410517072e07fe6122f772de93/6917a5c1/video/tos/cn/tos-cn-ve-15/...
2025-11-15 05:20:39 - WARNING - Direct video URL có thể hết hạn, nhưng vẫn thử tải
2025-11-15 05:20:39 - INFO - Lưu video vào thư mục: F:/doyenVideoDowloads\Unknown
2025-11-15 05:20:39 - INFO - Phát hiện direct video URL, bỏ qua normalize: https://v5-hl-szyd-ov.zjcdn.com/6544f787beff67db2ebda2e63dc80481/6917a5be/video/tos/cn/tos-cn-ve-15/...
2025-11-15 05:20:39 - INFO - Phát hiện direct video URL: https://v5-hl-szyd-ov.zjcdn.com/6544f787beff67db2ebda2e63dc80481/6917a5be/video/tos/cn/tos-cn-ve-15/...
2025-11-15 05:20:39 - WARNING - Direct video URL có thể hết hạn, nhưng vẫn thử tải
2025-11-15 05:20:39 - INFO - Lưu video vào thư mục: F:/doyenVideoDowloads\Unknown
2025-11-15 05:20:40 - INFO - Phát hiện direct video URL, bỏ qua normalize: https://v5-hl-szyd-ov.zjcdn.com/9d7944a6d09b61493750e001764a2a69/6917a5b9/video/tos/cn/tos-cn-ve-15/...
2025-11-15 05:20:40 - INFO - Phát hiện direct video URL: https://v5-hl-szyd-ov.zjcdn.com/9d7944a6d09b61493750e001764a2a69/6917a5b9/video/tos/cn/tos-cn-ve-15/...
2025-11-15 05:20:40 - WARNING - Direct video URL có thể hết hạn, nhưng vẫn thử tải
2025-11-15 05:20:40 - INFO - Lưu video vào thư mục: F:/doyenVideoDowloads\Unknown
2025-11-15 05:20:40 - INFO - Phát hiện direct video URL, bỏ qua normalize: https://v5-hl-szyd-ov.zjcdn.com/e8b9f8ac39129e89149fb4f0fd52b7f1/6917a5bd/video/tos/cn/tos-cn-ve-15/...
2025-11-15 05:20:40 - INFO - Phát hiện direct video URL: https://v5-hl-szyd-ov.zjcdn.com/e8b9f8ac39129e89149fb4f0fd52b7f1/6917a5bd/video/tos/cn/tos-cn-ve-15/...
2025-11-15 05:20:40 - WARNING - Direct video URL có thể hết hạn, nhưng vẫn thử tải
2025-11-15 05:20:40 - INFO - Lưu video vào thư mục: F:/doyenVideoDowloads\Unknown
2025-11-15 05:20:40 - INFO - Phát hiện direct video URL, bỏ qua normalize: https://v5-hl-szyd-ov.zjcdn.com/bf1fbded9080cdc7df2ac03aab54a10c/6917a5bf/video/tos/cn/tos-cn-ve-15/...
2025-11-15 05:20:40 - INFO - Phát hiện direct video URL: https://v5-hl-szyd-ov.zjcdn.com/bf1fbded9080cdc7df2ac03aab54a10c/6917a5bf/video/tos/cn/tos-cn-ve-15/...
2025-11-15 05:20:40 - WARNING - Direct video URL có thể hết hạn, nhưng vẫn thử tải
2025-11-15 05:20:40 - INFO - Lưu video vào thư mục: F:/doyenVideoDowloads\Unknown
2025-11-15 05:20:40 - INFO - Phát hiện direct video URL, bỏ qua normalize: https://v5-hl-szyd-ov.zjcdn.com/72d960a54777a7cb04c2548e8adb88a9/6917a5bc/video/tos/cn/tos-cn-ve-15/...
2025-11-15 05:20:40 - INFO - Phát hiện direct video URL: https://v5-hl-szyd-ov.zjcdn.com/72d960a54777a7cb04c2548e8adb88a9/6917a5bc/video/tos/cn/tos-cn-ve-15/...
2025-11-15 05:20:40 - WARNING - Direct video URL có thể hết hạn, nhưng vẫn thử tải
2025-11-15 05:20:40 - INFO - Lưu video vào thư mục: F:/doyenVideoDowloads\Unknown
2025-11-15 05:20:40 - INFO - Phát hiện direct video URL, bỏ qua normalize: https://v5-hl-szyd-ov.zjcdn.com/44597c420526938a7f1b1a54990a1323/6917a5bd/video/tos/cn/tos-cn-ve-15/...
2025-11-15 05:20:40 - INFO - Phát hiện direct video URL: https://v5-hl-szyd-ov.zjcdn.com/44597c420526938a7f1b1a54990a1323/6917a5bd/video/tos/cn/tos-cn-ve-15/...
2025-11-15 05:20:40 - WARNING - Direct video URL có thể hết hạn, nhưng vẫn thử tải
2025-11-15 05:20:40 - INFO - Lưu video vào thư mục: F:/doyenVideoDowloads\Unknown
2025-11-15 05:20:40 - INFO - Phát hiện direct video URL, bỏ qua normalize: https://v5-hl-szyd-ov.zjcdn.com/6d53a9d6bda6ee62a11a53464c83d419/6917a5c3/video/tos/cn/tos-cn-ve-15/...
2025-11-15 05:20:41 - INFO - Phát hiện direct video URL: https://v5-hl-szyd-ov.zjcdn.com/6d53a9d6bda6ee62a11a53464c83d419/6917a5c3/video/tos/cn/tos-cn-ve-15/...
2025-11-15 05:20:41 - WARNING - Direct video URL có thể hết hạn, nhưng vẫn thử tải
2025-11-15 05:20:41 - INFO - Lưu video vào thư mục: F:/doyenVideoDowloads\Unknown
2025-11-15 05:20:41 - INFO - Phát hiện direct video URL, bỏ qua normalize: https://v5-hl-szyd-ov.zjcdn.com/c5660484c740038b96118a7777967496/6917a5be/video/tos/cn/tos-cn-ve-15/...
2025-11-15 05:20:41 - INFO - Phát hiện direct video URL: https://v5-hl-szyd-ov.zjcdn.com/c5660484c740038b96118a7777967496/6917a5be/video/tos/cn/tos-cn-ve-15/...
2025-11-15 05:20:41 - WARNING - Direct video URL có thể hết hạn, nhưng vẫn thử tải
2025-11-15 05:20:41 - INFO - Lưu video vào thư mục: F:/doyenVideoDowloads\Unknown
2025-11-15 05:20:41 - INFO - Phát hiện direct video URL, bỏ qua normalize: https://v5-hl-szyd-ov.zjcdn.com/ee513ad922576b154a9cf9fe3a7d9439/6917a5c0/video/tos/cn/tos-cn-ve-15/...
2025-11-15 05:20:41 - INFO - Phát hiện direct video URL: https://v5-hl-szyd-ov.zjcdn.com/ee513ad922576b154a9cf9fe3a7d9439/6917a5c0/video/tos/cn/tos-cn-ve-15/...
2025-11-15 05:20:41 - WARNING - Direct video URL có thể hết hạn, nhưng vẫn thử tải
2025-11-15 05:20:41 - INFO - Lưu video vào thư mục: F:/doyenVideoDowloads\Unknown
2025-11-15 05:20:41 - INFO - Phát hiện direct video URL, bỏ qua normalize: https://v5-hl-szyd-ov.zjcdn.com/b657b1064eb7fb8e4194f461511abcd0/6917a5bd/video/tos/cn/tos-cn-ve-15/...
2025-11-15 05:20:41 - INFO - Phát hiện direct video URL: https://v5-hl-szyd-ov.zjcdn.com/b657b1064eb7fb8e4194f461511abcd0/6917a5bd/video/tos/cn/tos-cn-ve-15/...
2025-11-15 05:20:41 - WARNING - Direct video URL có thể hết hạn, nhưng vẫn thử tải
2025-11-15 05:20:41 - INFO - Lưu video vào thư mục: F:/doyenVideoDowloads\Unknown
2025-11-15 05:20:41 - INFO - Phát hiện direct video URL, bỏ qua normalize: https://v5-hl-szyd-ov.zjcdn.com/b8f4f444bd6cba876efeadde8901c4af/6917a5be/video/tos/cn/tos-cn-ve-15/...
2025-11-15 05:20:41 - INFO - Phát hiện direct video URL: https://v5-hl-szyd-ov.zjcdn.com/b8f4f444bd6cba876efeadde8901c4af/6917a5be/video/tos/cn/tos-cn-ve-15/...
2025-11-15 05:20:41 - WARNING - Direct video URL có thể hết hạn, nhưng vẫn thử tải
2025-11-15 05:20:41 - INFO - Lưu video vào thư mục: F:/doyenVideoDowloads\Unknown
2025-11-15 05:20:42 - INFO - Phát hiện direct video URL, bỏ qua normalize: https://v5-hl-szyd-ov.zjcdn.com/b235180fbd49459d5da2ec10153e0520/6917a5bc/video/tos/cn/tos-cn-ve-15/...
2025-11-15 05:20:42 - INFO - Phát hiện direct video URL: https://v5-hl-szyd-ov.zjcdn.com/b235180fbd49459d5da2ec10153e0520/6917a5bc/video/tos/cn/tos-cn-ve-15/...
2025-11-15 05:20:42 - WARNING - Direct video URL có thể hết hạn, nhưng vẫn thử tải
2025-11-15 05:20:42 - INFO - Lưu video vào thư mục: F:/doyenVideoDowloads\Unknown
2025-11-15 05:20:42 - INFO - Phát hiện direct video URL, bỏ qua normalize: https://lf26-music-east.douyinstatic.com/obj/ies-music-hj/7505725516578671417.mp3...
2025-11-15 05:20:42 - INFO - Phát hiện direct video URL: https://lf26-music-east.douyinstatic.com/obj/ies-music-hj/7505725516578671417.mp3...
2025-11-15 05:20:42 - WARNING - Direct video URL có thể hết hạn, nhưng vẫn thử tải
2025-11-15 05:20:42 - INFO - Lưu video vào thư mục: F:/doyenVideoDowloads\Unknown
2025-11-15 05:20:45 - INFO - Phát hiện direct video URL, bỏ qua normalize: https://v5-hl-szyd-ov.zjcdn.com/1ce3681ab7388357173b1f4b61e505ef/6917a5c0/video/tos/cn/tos-cn-ve-15/...
2025-11-15 05:20:45 - INFO - Phát hiện direct video URL: https://v5-hl-szyd-ov.zjcdn.com/1ce3681ab7388357173b1f4b61e505ef/6917a5c0/video/tos/cn/tos-cn-ve-15/...
2025-11-15 05:20:45 - WARNING - Direct video URL có thể hết hạn, nhưng vẫn thử tải
2025-11-15 05:20:45 - INFO - Lưu video vào thư mục: F:/doyenVideoDowloads\Unknown
2025-11-15 05:20:45 - INFO - Phát hiện direct video URL, bỏ qua normalize: https://v5-hl-szyd-ov.zjcdn.com/d54ca5de37b1279c37414c6fd8486098/6917a5c0/video/tos/cn/tos-cn-ve-15/...
2025-11-15 05:20:45 - INFO - Phát hiện direct video URL: https://v5-hl-szyd-ov.zjcdn.com/d54ca5de37b1279c37414c6fd8486098/6917a5c0/video/tos/cn/tos-cn-ve-15/...
2025-11-15 05:20:45 - WARNING - Direct video URL có thể hết hạn, nhưng vẫn thử tải
2025-11-15 05:20:45 - INFO - Lưu video vào thư mục: F:/doyenVideoDowloads\Unknown
2025-11-15 05:20:45 - INFO - Phát hiện direct video URL, bỏ qua normalize: https://v5-hl-szyd-ov.zjcdn.com/ff375f582759364e155e5df34f3b6acc/6917a5f1/video/tos/cn/tos-cn-ve-15/...
2025-11-15 05:20:45 - INFO - Phát hiện direct video URL: https://v5-hl-szyd-ov.zjcdn.com/ff375f582759364e155e5df34f3b6acc/6917a5f1/video/tos/cn/tos-cn-ve-15/...
2025-11-15 05:20:45 - WARNING - Direct video URL có thể hết hạn, nhưng vẫn thử tải
2025-11-15 05:20:45 - INFO - Lưu video vào thư mục: F:/doyenVideoDowloads\Unknown
