2025-11-15 05:18:04 - INFO - Logging initialized. Log file: C:\work\git\videoDowloadApp\services\logs\douyin_downloader_20251115_051804.log
2025-11-15 05:18:04 - INFO - Cookie đã được set (length: 6394)
2025-11-15 05:18:04 - INFO - Phát hiện direct video URL, bỏ qua normalize: https://sf5-hl-cdn-tos.douyinstatic.com/obj/ies-music/7289703447329295162.mp3...
2025-11-15 05:18:04 - INFO - Phát hiện direct video URL: https://sf5-hl-cdn-tos.douyinstatic.com/obj/ies-music/7289703447329295162.mp3...
2025-11-15 05:18:04 - WARNING - Direct video URL có thể hết hạn, nhưng vẫn thử tải
2025-11-15 05:18:04 - INFO - Lưu video vào thư mục: F:/doyenVideoDowloads\Unknown
2025-11-15 05:18:10 - INFO - Phát hiện direct video URL, bỏ qua normalize: https://v5-hl-szyd-ov.zjcdn.com/0984992c0022f8e328eea67f77ed67f3/6917a5bf/video/tos/cn/tos-cn-ve-15/...
2025-11-15 05:18:10 - INFO - Phát hiện direct video URL: https://v5-hl-szyd-ov.zjcdn.com/0984992c0022f8e328eea67f77ed67f3/6917a5bf/video/tos/cn/tos-cn-ve-15/...
2025-11-15 05:18:10 - WARNING - Direct video URL có thể hết hạn, nhưng vẫn thử tải
2025-11-15 05:18:10 - INFO - Lưu video vào thư mục: F:/doyenVideoDowloads\Unknown
2025-11-15 05:18:11 - INFO - Phát hiện direct video URL, bỏ qua normalize: https://v5-hl-szyd-ov.zjcdn.com/0394c64ffd4541d229c0e325d0a3e96a/6917a5bd/video/tos/cn/tos-cn-ve-15/...
2025-11-15 05:18:11 - INFO - Phát hiện direct video URL: https://v5-hl-szyd-ov.zjcdn.com/0394c64ffd4541d229c0e325d0a3e96a/6917a5bd/video/tos/cn/tos-cn-ve-15/...
2025-11-15 05:18:11 - WARNING - Direct video URL có thể hết hạn, nhưng vẫn thử tải
2025-11-15 05:18:11 - INFO - Lưu video vào thư mục: F:/doyenVideoDowloads\Unknown
2025-11-15 05:18:11 - INFO - Phát hiện direct video URL, bỏ qua normalize: https://v5-hl-szyd-ov.zjcdn.com/409892e9ba6ce320bd82fb9306385c6c/6917a5c1/video/tos/cn/tos-cn-ve-15/...
2025-11-15 05:18:11 - INFO - Phát hiện direct video URL: https://v5-hl-szyd-ov.zjcdn.com/409892e9ba6ce320bd82fb9306385c6c/6917a5c1/video/tos/cn/tos-cn-ve-15/...
2025-11-15 05:18:11 - WARNING - Direct video URL có thể hết hạn, nhưng vẫn thử tải
2025-11-15 05:18:11 - INFO - Lưu video vào thư mục: F:/doyenVideoDowloads\Unknown
2025-11-15 05:18:11 - INFO - Phát hiện direct video URL, bỏ qua normalize: https://v5-hl-szyd-ov.zjcdn.com/88cb6858f83f277f6163f22a2bf344f5/6917a5bb/video/tos/cn/tos-cn-ve-15/...
2025-11-15 05:18:11 - INFO - Phát hiện direct video URL: https://v5-hl-szyd-ov.zjcdn.com/88cb6858f83f277f6163f22a2bf344f5/6917a5bb/video/tos/cn/tos-cn-ve-15/...
2025-11-15 05:18:11 - WARNING - Direct video URL có thể hết hạn, nhưng vẫn thử tải
2025-11-15 05:18:11 - INFO - Lưu video vào thư mục: F:/doyenVideoDowloads\Unknown
2025-11-15 05:18:11 - INFO - Phát hiện direct video URL, bỏ qua normalize: https://v5-hl-szyd-ov.zjcdn.com/8625206929ef56b06b7a08584a00afba/6917a5be/video/tos/cn/tos-cn-ve-15/...
2025-11-15 05:18:11 - INFO - Phát hiện direct video URL: https://v5-hl-szyd-ov.zjcdn.com/8625206929ef56b06b7a08584a00afba/6917a5be/video/tos/cn/tos-cn-ve-15/...
2025-11-15 05:18:11 - WARNING - Direct video URL có thể hết hạn, nhưng vẫn thử tải
2025-11-15 05:18:11 - INFO - Lưu video vào thư mục: F:/doyenVideoDowloads\Unknown
2025-11-15 05:18:11 - INFO - Phát hiện direct video URL, bỏ qua normalize: https://v5-hl-szyd-ov.zjcdn.com/a7b8b31a122554f7956493c6c2717d9c/6917a5bc/video/tos/cn/tos-cn-ve-15/...
2025-11-15 05:18:11 - INFO - Phát hiện direct video URL: https://v5-hl-szyd-ov.zjcdn.com/a7b8b31a122554f7956493c6c2717d9c/6917a5bc/video/tos/cn/tos-cn-ve-15/...
2025-11-15 05:18:11 - WARNING - Direct video URL có thể hết hạn, nhưng vẫn thử tải
2025-11-15 05:18:11 - INFO - Lưu video vào thư mục: F:/doyenVideoDowloads\Unknown
2025-11-15 05:18:11 - INFO - Phát hiện direct video URL, bỏ qua normalize: https://v5-hl-szyd-ov.zjcdn.com/258b263b09c57930b2a4d256bd489ecd/6917a5bc/video/tos/cn/tos-cn-ve-15/...
2025-11-15 05:18:11 - INFO - Phát hiện direct video URL: https://v5-hl-szyd-ov.zjcdn.com/258b263b09c57930b2a4d256bd489ecd/6917a5bc/video/tos/cn/tos-cn-ve-15/...
2025-11-15 05:18:11 - WARNING - Direct video URL có thể hết hạn, nhưng vẫn thử tải
2025-11-15 05:18:11 - INFO - Lưu video vào thư mục: F:/doyenVideoDowloads\Unknown
2025-11-15 05:18:12 - INFO - Phát hiện direct video URL, bỏ qua normalize: https://v5-hl-szyd-ov.zjcdn.com/dd6e1ccbd04f3640ec90dcaf6ce751c1/6917a5c1/video/tos/cn/tos-cn-ve-15/...
2025-11-15 05:18:12 - INFO - Phát hiện direct video URL: https://v5-hl-szyd-ov.zjcdn.com/dd6e1ccbd04f3640ec90dcaf6ce751c1/6917a5c1/video/tos/cn/tos-cn-ve-15/...
2025-11-15 05:18:12 - WARNING - Direct video URL có thể hết hạn, nhưng vẫn thử tải
2025-11-15 05:18:12 - INFO - Lưu video vào thư mục: F:/doyenVideoDowloads\Unknown
2025-11-15 05:18:12 - INFO - Phát hiện direct video URL, bỏ qua normalize: https://v5-hl-szyd-ov.zjcdn.com/e62f53410517072e07fe6122f772de93/6917a5c1/video/tos/cn/tos-cn-ve-15/...
2025-11-15 05:18:12 - INFO - Phát hiện direct video URL: https://v5-hl-szyd-ov.zjcdn.com/e62f53410517072e07fe6122f772de93/6917a5c1/video/tos/cn/tos-cn-ve-15/...
2025-11-15 05:18:12 - WARNING - Direct video URL có thể hết hạn, nhưng vẫn thử tải
2025-11-15 05:18:12 - INFO - Lưu video vào thư mục: F:/doyenVideoDowloads\Unknown
2025-11-15 05:18:12 - INFO - Phát hiện direct video URL, bỏ qua normalize: https://v5-hl-szyd-ov.zjcdn.com/6544f787beff67db2ebda2e63dc80481/6917a5be/video/tos/cn/tos-cn-ve-15/...
2025-11-15 05:18:12 - INFO - Phát hiện direct video URL: https://v5-hl-szyd-ov.zjcdn.com/6544f787beff67db2ebda2e63dc80481/6917a5be/video/tos/cn/tos-cn-ve-15/...
2025-11-15 05:18:12 - WARNING - Direct video URL có thể hết hạn, nhưng vẫn thử tải
2025-11-15 05:18:12 - INFO - Lưu video vào thư mục: F:/doyenVideoDowloads\Unknown
2025-11-15 05:18:12 - INFO - Phát hiện direct video URL, bỏ qua normalize: https://v5-hl-szyd-ov.zjcdn.com/9d7944a6d09b61493750e001764a2a69/6917a5b9/video/tos/cn/tos-cn-ve-15/...
2025-11-15 05:18:12 - INFO - Phát hiện direct video URL: https://v5-hl-szyd-ov.zjcdn.com/9d7944a6d09b61493750e001764a2a69/6917a5b9/video/tos/cn/tos-cn-ve-15/...
2025-11-15 05:18:12 - WARNING - Direct video URL có thể hết hạn, nhưng vẫn thử tải
2025-11-15 05:18:12 - INFO - Lưu video vào thư mục: F:/doyenVideoDowloads\Unknown
2025-11-15 05:18:12 - INFO - Phát hiện direct video URL, bỏ qua normalize: https://v5-hl-szyd-ov.zjcdn.com/e8b9f8ac39129e89149fb4f0fd52b7f1/6917a5bd/video/tos/cn/tos-cn-ve-15/...
2025-11-15 05:18:12 - INFO - Phát hiện direct video URL: https://v5-hl-szyd-ov.zjcdn.com/e8b9f8ac39129e89149fb4f0fd52b7f1/6917a5bd/video/tos/cn/tos-cn-ve-15/...
2025-11-15 05:18:12 - WARNING - Direct video URL có thể hết hạn, nhưng vẫn thử tải
2025-11-15 05:18:12 - INFO - Lưu video vào thư mục: F:/doyenVideoDowloads\Unknown
2025-11-15 05:18:13 - INFO - Phát hiện direct video URL, bỏ qua normalize: https://v5-hl-szyd-ov.zjcdn.com/bf1fbded9080cdc7df2ac03aab54a10c/6917a5bf/video/tos/cn/tos-cn-ve-15/...
2025-11-15 05:18:13 - INFO - Phát hiện direct video URL: https://v5-hl-szyd-ov.zjcdn.com/bf1fbded9080cdc7df2ac03aab54a10c/6917a5bf/video/tos/cn/tos-cn-ve-15/...
2025-11-15 05:18:13 - WARNING - Direct video URL có thể hết hạn, nhưng vẫn thử tải
2025-11-15 05:18:13 - INFO - Lưu video vào thư mục: F:/doyenVideoDowloads\Unknown
2025-11-15 05:18:13 - INFO - Phát hiện direct video URL, bỏ qua normalize: https://v5-hl-szyd-ov.zjcdn.com/72d960a54777a7cb04c2548e8adb88a9/6917a5bc/video/tos/cn/tos-cn-ve-15/...
2025-11-15 05:18:13 - INFO - Phát hiện direct video URL: https://v5-hl-szyd-ov.zjcdn.com/72d960a54777a7cb04c2548e8adb88a9/6917a5bc/video/tos/cn/tos-cn-ve-15/...
2025-11-15 05:18:13 - WARNING - Direct video URL có thể hết hạn, nhưng vẫn thử tải
2025-11-15 05:18:13 - INFO - Lưu video vào thư mục: F:/doyenVideoDowloads\Unknown
2025-11-15 05:18:13 - INFO - Phát hiện direct video URL, bỏ qua normalize: https://v5-hl-szyd-ov.zjcdn.com/44597c420526938a7f1b1a54990a1323/6917a5bd/video/tos/cn/tos-cn-ve-15/...
2025-11-15 05:18:13 - INFO - Phát hiện direct video URL: https://v5-hl-szyd-ov.zjcdn.com/44597c420526938a7f1b1a54990a1323/6917a5bd/video/tos/cn/tos-cn-ve-15/...
2025-11-15 05:18:13 - WARNING - Direct video URL có thể hết hạn, nhưng vẫn thử tải
2025-11-15 05:18:13 - INFO - Lưu video vào thư mục: F:/doyenVideoDowloads\Unknown
2025-11-15 05:18:13 - INFO - Phát hiện direct video URL, bỏ qua normalize: https://v5-hl-szyd-ov.zjcdn.com/6d53a9d6bda6ee62a11a53464c83d419/6917a5c3/video/tos/cn/tos-cn-ve-15/...
2025-11-15 05:18:13 - INFO - Phát hiện direct video URL: https://v5-hl-szyd-ov.zjcdn.com/6d53a9d6bda6ee62a11a53464c83d419/6917a5c3/video/tos/cn/tos-cn-ve-15/...
2025-11-15 05:18:13 - WARNING - Direct video URL có thể hết hạn, nhưng vẫn thử tải
2025-11-15 05:18:13 - INFO - Lưu video vào thư mục: F:/doyenVideoDowloads\Unknown
2025-11-15 05:18:14 - INFO - Phát hiện direct video URL, bỏ qua normalize: https://v5-hl-szyd-ov.zjcdn.com/c5660484c740038b96118a7777967496/6917a5be/video/tos/cn/tos-cn-ve-15/...
2025-11-15 05:18:14 - INFO - Phát hiện direct video URL: https://v5-hl-szyd-ov.zjcdn.com/c5660484c740038b96118a7777967496/6917a5be/video/tos/cn/tos-cn-ve-15/...
2025-11-15 05:18:14 - WARNING - Direct video URL có thể hết hạn, nhưng vẫn thử tải
2025-11-15 05:18:14 - INFO - Lưu video vào thư mục: F:/doyenVideoDowloads\Unknown
2025-11-15 05:18:14 - INFO - Phát hiện direct video URL, bỏ qua normalize: https://v5-hl-szyd-ov.zjcdn.com/ee513ad922576b154a9cf9fe3a7d9439/6917a5c0/video/tos/cn/tos-cn-ve-15/...
2025-11-15 05:18:14 - INFO - Phát hiện direct video URL: https://v5-hl-szyd-ov.zjcdn.com/ee513ad922576b154a9cf9fe3a7d9439/6917a5c0/video/tos/cn/tos-cn-ve-15/...
2025-11-15 05:18:14 - WARNING - Direct video URL có thể hết hạn, nhưng vẫn thử tải
2025-11-15 05:18:14 - INFO - Lưu video vào thư mục: F:/doyenVideoDowloads\Unknown
2025-11-15 05:18:14 - INFO - Phát hiện direct video URL, bỏ qua normalize: https://v5-hl-szyd-ov.zjcdn.com/b657b1064eb7fb8e4194f461511abcd0/6917a5bd/video/tos/cn/tos-cn-ve-15/...
2025-11-15 05:18:14 - INFO - Phát hiện direct video URL: https://v5-hl-szyd-ov.zjcdn.com/b657b1064eb7fb8e4194f461511abcd0/6917a5bd/video/tos/cn/tos-cn-ve-15/...
2025-11-15 05:18:14 - WARNING - Direct video URL có thể hết hạn, nhưng vẫn thử tải
2025-11-15 05:18:14 - INFO - Lưu video vào thư mục: F:/doyenVideoDowloads\Unknown
2025-11-15 05:18:14 - INFO - Phát hiện direct video URL, bỏ qua normalize: https://v5-hl-szyd-ov.zjcdn.com/b8f4f444bd6cba876efeadde8901c4af/6917a5be/video/tos/cn/tos-cn-ve-15/...
2025-11-15 05:18:14 - INFO - Phát hiện direct video URL: https://v5-hl-szyd-ov.zjcdn.com/b8f4f444bd6cba876efeadde8901c4af/6917a5be/video/tos/cn/tos-cn-ve-15/...
2025-11-15 05:18:14 - WARNING - Direct video URL có thể hết hạn, nhưng vẫn thử tải
2025-11-15 05:18:14 - INFO - Lưu video vào thư mục: F:/doyenVideoDowloads\Unknown
2025-11-15 05:18:14 - INFO - Phát hiện direct video URL, bỏ qua normalize: https://v5-hl-szyd-ov.zjcdn.com/b235180fbd49459d5da2ec10153e0520/6917a5bc/video/tos/cn/tos-cn-ve-15/...
2025-11-15 05:18:14 - INFO - Phát hiện direct video URL: https://v5-hl-szyd-ov.zjcdn.com/b235180fbd49459d5da2ec10153e0520/6917a5bc/video/tos/cn/tos-cn-ve-15/...
2025-11-15 05:18:14 - WARNING - Direct video URL có thể hết hạn, nhưng vẫn thử tải
2025-11-15 05:18:14 - INFO - Lưu video vào thư mục: F:/doyenVideoDowloads\Unknown
2025-11-15 05:18:14 - INFO - Phát hiện direct video URL, bỏ qua normalize: https://lf26-music-east.douyinstatic.com/obj/ies-music-hj/7505725516578671417.mp3...
2025-11-15 05:18:14 - INFO - Phát hiện direct video URL: https://lf26-music-east.douyinstatic.com/obj/ies-music-hj/7505725516578671417.mp3...
2025-11-15 05:18:14 - WARNING - Direct video URL có thể hết hạn, nhưng vẫn thử tải
2025-11-15 05:18:14 - INFO - Lưu video vào thư mục: F:/doyenVideoDowloads\Unknown
2025-11-15 05:18:21 - INFO - Phát hiện direct video URL, bỏ qua normalize: https://v5-hl-szyd-ov.zjcdn.com/1ce3681ab7388357173b1f4b61e505ef/6917a5c0/video/tos/cn/tos-cn-ve-15/...
2025-11-15 05:18:21 - INFO - Phát hiện direct video URL: https://v5-hl-szyd-ov.zjcdn.com/1ce3681ab7388357173b1f4b61e505ef/6917a5c0/video/tos/cn/tos-cn-ve-15/...
2025-11-15 05:18:21 - WARNING - Direct video URL có thể hết hạn, nhưng vẫn thử tải
2025-11-15 05:18:21 - INFO - Lưu video vào thư mục: F:/doyenVideoDowloads\Unknown
2025-11-15 05:18:21 - INFO - Phát hiện direct video URL, bỏ qua normalize: https://v5-hl-szyd-ov.zjcdn.com/d54ca5de37b1279c37414c6fd8486098/6917a5c0/video/tos/cn/tos-cn-ve-15/...
2025-11-15 05:18:21 - INFO - Phát hiện direct video URL: https://v5-hl-szyd-ov.zjcdn.com/d54ca5de37b1279c37414c6fd8486098/6917a5c0/video/tos/cn/tos-cn-ve-15/...
2025-11-15 05:18:21 - WARNING - Direct video URL có thể hết hạn, nhưng vẫn thử tải
2025-11-15 05:18:21 - INFO - Lưu video vào thư mục: F:/doyenVideoDowloads\Unknown
2025-11-15 05:18:21 - INFO - Phát hiện direct video URL, bỏ qua normalize: https://v5-hl-szyd-ov.zjcdn.com/ff375f582759364e155e5df34f3b6acc/6917a5f1/video/tos/cn/tos-cn-ve-15/...
2025-11-15 05:18:21 - INFO - Phát hiện direct video URL: https://v5-hl-szyd-ov.zjcdn.com/ff375f582759364e155e5df34f3b6acc/6917a5f1/video/tos/cn/tos-cn-ve-15/...
2025-11-15 05:18:21 - WARNING - Direct video URL có thể hết hạn, nhưng vẫn thử tải
2025-11-15 05:18:21 - INFO - Lưu video vào thư mục: F:/doyenVideoDowloads\Unknown
2025-11-15 05:18:22 - INFO - Phát hiện direct video URL, bỏ qua normalize: https://v5-hl-szyd-ov.zjcdn.com/a7e44ac3526ca3f702b742519aec0146/6917a5be/video/tos/cn/tos-cn-ve-15/...
2025-11-15 05:18:22 - INFO - Phát hiện direct video URL: https://v5-hl-szyd-ov.zjcdn.com/a7e44ac3526ca3f702b742519aec0146/6917a5be/video/tos/cn/tos-cn-ve-15/...
2025-11-15 05:18:22 - WARNING - Direct video URL có thể hết hạn, nhưng vẫn thử tải
2025-11-15 05:18:22 - INFO - Lưu video vào thư mục: F:/doyenVideoDowloads\Unknown
2025-11-15 05:18:22 - INFO - Phát hiện direct video URL, bỏ qua normalize: https://v5-hl-szyd-ov.zjcdn.com/34af83ad16de02c4c3825e1a67b3d928/6917a5c1/video/tos/cn/tos-cn-ve-15/...
2025-11-15 05:18:22 - INFO - Phát hiện direct video URL: https://v5-hl-szyd-ov.zjcdn.com/34af83ad16de02c4c3825e1a67b3d928/6917a5c1/video/tos/cn/tos-cn-ve-15/...
2025-11-15 05:18:22 - WARNING - Direct video URL có thể hết hạn, nhưng vẫn thử tải
2025-11-15 05:18:22 - INFO - Lưu video vào thư mục: F:/doyenVideoDowloads\Unknown
2025-11-15 05:18:22 - INFO - Phát hiện direct video URL, bỏ qua normalize: https://v5-hl-szyd-ov.zjcdn.com/ebfd7ab324d80860162cfac91389c539/6917a5be/video/tos/cn/tos-cn-ve-15/...
2025-11-15 05:18:22 - INFO - Phát hiện direct video URL: https://v5-hl-szyd-ov.zjcdn.com/ebfd7ab324d80860162cfac91389c539/6917a5be/video/tos/cn/tos-cn-ve-15/...
2025-11-15 05:18:22 - WARNING - Direct video URL có thể hết hạn, nhưng vẫn thử tải
2025-11-15 05:18:22 - INFO - Lưu video vào thư mục: F:/doyenVideoDowloads\Unknown
2025-11-15 05:18:22 - INFO - Phát hiện direct video URL, bỏ qua normalize: https://v5-hl-szyd-ov.zjcdn.com/4ef8a1131797612a567527e78cabd9a5/6917a5c0/video/tos/cn/tos-cn-ve-15/...
2025-11-15 05:18:22 - INFO - Phát hiện direct video URL: https://v5-hl-szyd-ov.zjcdn.com/4ef8a1131797612a567527e78cabd9a5/6917a5c0/video/tos/cn/tos-cn-ve-15/...
2025-11-15 05:18:22 - WARNING - Direct video URL có thể hết hạn, nhưng vẫn thử tải
2025-11-15 05:18:22 - INFO - Lưu video vào thư mục: F:/doyenVideoDowloads\Unknown
2025-11-15 05:18:22 - INFO - Phát hiện direct video URL, bỏ qua normalize: https://v5-hl-szyd-ov.zjcdn.com/e726eba307329848ede26beee451dd1e/6917a5c0/video/tos/cn/tos-cn-ve-15/...
2025-11-15 05:18:22 - INFO - Phát hiện direct video URL: https://v5-hl-szyd-ov.zjcdn.com/e726eba307329848ede26beee451dd1e/6917a5c0/video/tos/cn/tos-cn-ve-15/...
2025-11-15 05:18:22 - WARNING - Direct video URL có thể hết hạn, nhưng vẫn thử tải
2025-11-15 05:18:22 - INFO - Lưu video vào thư mục: F:/doyenVideoDowloads\Unknown
2025-11-15 05:18:23 - INFO - Phát hiện direct video URL, bỏ qua normalize: https://v5-hl-szyd-ov.zjcdn.com/9322c42a3457b18de1e531e90a2e5202/6917a5c1/video/tos/cn/tos-cn-ve-15/...
2025-11-15 05:18:23 - INFO - Phát hiện direct video URL: https://v5-hl-szyd-ov.zjcdn.com/9322c42a3457b18de1e531e90a2e5202/6917a5c1/video/tos/cn/tos-cn-ve-15/...
2025-11-15 05:18:23 - WARNING - Direct video URL có thể hết hạn, nhưng vẫn thử tải
2025-11-15 05:18:23 - INFO - Lưu video vào thư mục: F:/doyenVideoDowloads\Unknown
2025-11-15 05:18:23 - INFO - Phát hiện direct video URL, bỏ qua normalize: https://v5-hl-szyd-ov.zjcdn.com/3a6c24d5299970a576bb97348ba7c799/6917a5be/video/tos/cn/tos-cn-ve-15/...
2025-11-15 05:18:23 - INFO - Phát hiện direct video URL: https://v5-hl-szyd-ov.zjcdn.com/3a6c24d5299970a576bb97348ba7c799/6917a5be/video/tos/cn/tos-cn-ve-15/...
2025-11-15 05:18:23 - WARNING - Direct video URL có thể hết hạn, nhưng vẫn thử tải
2025-11-15 05:18:23 - INFO - Lưu video vào thư mục: F:/doyenVideoDowloads\Unknown
2025-11-15 05:18:23 - INFO - Phát hiện direct video URL, bỏ qua normalize: https://v5-hl-szyd-ov.zjcdn.com/3cb32c86e5963ebf6fa70438d0253478/6917a5be/video/tos/cn/tos-cn-ve-15/...
2025-11-15 05:18:23 - INFO - Phát hiện direct video URL: https://v5-hl-szyd-ov.zjcdn.com/3cb32c86e5963ebf6fa70438d0253478/6917a5be/video/tos/cn/tos-cn-ve-15/...
2025-11-15 05:18:23 - WARNING - Direct video URL có thể hết hạn, nhưng vẫn thử tải
2025-11-15 05:18:23 - INFO - Lưu video vào thư mục: F:/doyenVideoDowloads\Unknown
2025-11-15 05:18:23 - INFO - Phát hiện direct video URL, bỏ qua normalize: https://v5-hl-szyd-ov.zjcdn.com/ec2c3411963a6a62f8466f9400e19ec1/6917a5bf/video/tos/cn/tos-cn-ve-15/...
2025-11-15 05:18:23 - INFO - Phát hiện direct video URL: https://v5-hl-szyd-ov.zjcdn.com/ec2c3411963a6a62f8466f9400e19ec1/6917a5bf/video/tos/cn/tos-cn-ve-15/...
2025-11-15 05:18:23 - WARNING - Direct video URL có thể hết hạn, nhưng vẫn thử tải
2025-11-15 05:18:23 - INFO - Lưu video vào thư mục: F:/doyenVideoDowloads\Unknown
2025-11-15 05:18:23 - INFO - Phát hiện direct video URL, bỏ qua normalize: https://v5-hl-szyd-ov.zjcdn.com/47477a70a16a4da9e604059129d4b50b/6917a5c1/video/tos/cn/tos-cn-ve-15/...
2025-11-15 05:18:23 - INFO - Phát hiện direct video URL: https://v5-hl-szyd-ov.zjcdn.com/47477a70a16a4da9e604059129d4b50b/6917a5c1/video/tos/cn/tos-cn-ve-15/...
2025-11-15 05:18:23 - WARNING - Direct video URL có thể hết hạn, nhưng vẫn thử tải
2025-11-15 05:18:23 - INFO - Lưu video vào thư mục: F:/doyenVideoDowloads\Unknown
2025-11-15 05:18:23 - INFO - Phát hiện direct video URL, bỏ qua normalize: https://v5-hl-szyd-ov.zjcdn.com/ff15ff3c0dfac74289f4de7c4bf27be7/6917a5bf/video/tos/cn/tos-cn-ve-15/...
2025-11-15 05:18:23 - INFO - Phát hiện direct video URL: https://v5-hl-szyd-ov.zjcdn.com/ff15ff3c0dfac74289f4de7c4bf27be7/6917a5bf/video/tos/cn/tos-cn-ve-15/...
2025-11-15 05:18:23 - WARNING - Direct video URL có thể hết hạn, nhưng vẫn thử tải
2025-11-15 05:18:23 - INFO - Lưu video vào thư mục: F:/doyenVideoDowloads\Unknown
2025-11-15 05:18:23 - INFO - Phát hiện direct video URL, bỏ qua normalize: https://v5-hl-szyd-ov.zjcdn.com/68ed5747bc601ceace01461785afc448/6917a5c5/video/tos/cn/tos-cn-ve-15/...
2025-11-15 05:18:23 - INFO - Phát hiện direct video URL: https://v5-hl-szyd-ov.zjcdn.com/68ed5747bc601ceace01461785afc448/6917a5c5/video/tos/cn/tos-cn-ve-15/...
2025-11-15 05:18:23 - WARNING - Direct video URL có thể hết hạn, nhưng vẫn thử tải
2025-11-15 05:18:23 - INFO - Lưu video vào thư mục: F:/doyenVideoDowloads\Unknown
2025-11-15 05:18:24 - INFO - Phát hiện direct video URL, bỏ qua normalize: https://v5-hl-szyd-ov.zjcdn.com/db3f0c7741c9ceccd68ff90289c115fa/6917a5c9/video/tos/cn/tos-cn-ve-15/...
2025-11-15 05:18:24 - INFO - Phát hiện direct video URL: https://v5-hl-szyd-ov.zjcdn.com/db3f0c7741c9ceccd68ff90289c115fa/6917a5c9/video/tos/cn/tos-cn-ve-15/...
2025-11-15 05:18:24 - WARNING - Direct video URL có thể hết hạn, nhưng vẫn thử tải
2025-11-15 05:18:24 - INFO - Lưu video vào thư mục: F:/doyenVideoDowloads\Unknown
2025-11-15 05:18:24 - INFO - Phát hiện direct video URL, bỏ qua normalize: https://v5-hl-szyd-ov.zjcdn.com/3e70f3ca17f523a9be41ee02cc352ff7/6917a5c0/video/tos/cn/tos-cn-ve-15/...
2025-11-15 05:18:24 - INFO - Phát hiện direct video URL: https://v5-hl-szyd-ov.zjcdn.com/3e70f3ca17f523a9be41ee02cc352ff7/6917a5c0/video/tos/cn/tos-cn-ve-15/...
2025-11-15 05:18:24 - WARNING - Direct video URL có thể hết hạn, nhưng vẫn thử tải
2025-11-15 05:18:24 - INFO - Lưu video vào thư mục: F:/doyenVideoDowloads\Unknown
2025-11-15 05:18:24 - INFO - Phát hiện direct video URL, bỏ qua normalize: https://v5-hl-szyd-ov.zjcdn.com/7a60a7189470dde2aa5e66a364919942/6917a5c0/video/tos/cn/tos-cn-ve-15/...
2025-11-15 05:18:24 - INFO - Phát hiện direct video URL: https://v5-hl-szyd-ov.zjcdn.com/7a60a7189470dde2aa5e66a364919942/6917a5c0/video/tos/cn/tos-cn-ve-15/...
2025-11-15 05:18:24 - WARNING - Direct video URL có thể hết hạn, nhưng vẫn thử tải
2025-11-15 05:18:24 - INFO - Lưu video vào thư mục: F:/doyenVideoDowloads\Unknown
2025-11-15 05:18:24 - INFO - Phát hiện direct video URL, bỏ qua normalize: https://v5-hl-szyd-ov.zjcdn.com/7ad77e00307cf1e01d63408abe28d3ba/6917a5c2/video/tos/cn/tos-cn-ve-15/...
2025-11-15 05:18:24 - INFO - Phát hiện direct video URL: https://v5-hl-szyd-ov.zjcdn.com/7ad77e00307cf1e01d63408abe28d3ba/6917a5c2/video/tos/cn/tos-cn-ve-15/...
2025-11-15 05:18:24 - WARNING - Direct video URL có thể hết hạn, nhưng vẫn thử tải
2025-11-15 05:18:24 - INFO - Lưu video vào thư mục: F:/doyenVideoDowloads\Unknown
2025-11-15 05:18:24 - INFO - Phát hiện direct video URL, bỏ qua normalize: https://v5-hl-szyd-ov.zjcdn.com/a11f39b0adc6fb4238b7cbc75ea0242e/6917a5c0/video/tos/cn/tos-cn-ve-15/...
2025-11-15 05:18:24 - INFO - Phát hiện direct video URL: https://v5-hl-szyd-ov.zjcdn.com/a11f39b0adc6fb4238b7cbc75ea0242e/6917a5c0/video/tos/cn/tos-cn-ve-15/...
2025-11-15 05:18:24 - WARNING - Direct video URL có thể hết hạn, nhưng vẫn thử tải
2025-11-15 05:18:24 - INFO - Lưu video vào thư mục: F:/doyenVideoDowloads\Unknown
2025-11-15 05:18:24 - INFO - Phát hiện direct video URL, bỏ qua normalize: https://v5-hl-szyd-ov.zjcdn.com/a27f1204c098106091c7c97e909fa530/6917a5c0/video/tos/cn/tos-cn-ve-15/...
2025-11-15 05:18:24 - INFO - Phát hiện direct video URL: https://v5-hl-szyd-ov.zjcdn.com/a27f1204c098106091c7c97e909fa530/6917a5c0/video/tos/cn/tos-cn-ve-15/...
2025-11-15 05:18:24 - WARNING - Direct video URL có thể hết hạn, nhưng vẫn thử tải
2025-11-15 05:18:24 - INFO - Lưu video vào thư mục: F:/doyenVideoDowloads\Unknown
2025-11-15 05:18:24 - INFO - Phát hiện direct video URL, bỏ qua normalize: https://v5-hl-szyd-ov.zjcdn.com/ffd2c098df14ba8703bbac530ee359d7/6917a5c0/video/tos/cn/tos-cn-ve-15/...
2025-11-15 05:18:24 - INFO - Phát hiện direct video URL: https://v5-hl-szyd-ov.zjcdn.com/ffd2c098df14ba8703bbac530ee359d7/6917a5c0/video/tos/cn/tos-cn-ve-15/...
2025-11-15 05:18:24 - WARNING - Direct video URL có thể hết hạn, nhưng vẫn thử tải
2025-11-15 05:18:24 - INFO - Lưu video vào thư mục: F:/doyenVideoDowloads\Unknown
2025-11-15 05:18:24 - INFO - Phát hiện direct video URL, bỏ qua normalize: https://v5-hl-szyd-ov.zjcdn.com/9e8c14c1b72824fe952dcf71968feaca/6917a5c1/video/tos/cn/tos-cn-ve-15/...
2025-11-15 05:18:24 - INFO - Phát hiện direct video URL: https://v5-hl-szyd-ov.zjcdn.com/9e8c14c1b72824fe952dcf71968feaca/6917a5c1/video/tos/cn/tos-cn-ve-15/...
2025-11-15 05:18:24 - WARNING - Direct video URL có thể hết hạn, nhưng vẫn thử tải
2025-11-15 05:18:24 - INFO - Lưu video vào thư mục: F:/doyenVideoDowloads\Unknown
2025-11-15 05:18:25 - INFO - Phát hiện direct video URL, bỏ qua normalize: https://v5-hl-szyd-ov.zjcdn.com/14a07511f1ae1fc566386cb3633674e8/6917a5c5/video/tos/cn/tos-cn-ve-15/...
2025-11-15 05:18:25 - INFO - Phát hiện direct video URL: https://v5-hl-szyd-ov.zjcdn.com/14a07511f1ae1fc566386cb3633674e8/6917a5c5/video/tos/cn/tos-cn-ve-15/...
2025-11-15 05:18:25 - WARNING - Direct video URL có thể hết hạn, nhưng vẫn thử tải
2025-11-15 05:18:25 - INFO - Lưu video vào thư mục: F:/doyenVideoDowloads\Unknown
2025-11-15 05:18:25 - INFO - Phát hiện direct video URL, bỏ qua normalize: https://v5-hl-szyd-ov.zjcdn.com/55995c5f005657a2385cc7b03114c70a/6917a5c6/video/tos/cn/tos-cn-ve-15/...
2025-11-15 05:18:25 - INFO - Phát hiện direct video URL: https://v5-hl-szyd-ov.zjcdn.com/55995c5f005657a2385cc7b03114c70a/6917a5c6/video/tos/cn/tos-cn-ve-15/...
2025-11-15 05:18:25 - WARNING - Direct video URL có thể hết hạn, nhưng vẫn thử tải
2025-11-15 05:18:25 - INFO - Lưu video vào thư mục: F:/doyenVideoDowloads\Unknown
2025-11-15 05:18:25 - INFO - Phát hiện direct video URL, bỏ qua normalize: https://v5-hl-szyd-ov.zjcdn.com/8e91a3b2070acd94c80bdb03c775db81/6917a5c7/video/tos/cn/tos-cn-ve-15/...
2025-11-15 05:18:25 - INFO - Phát hiện direct video URL: https://v5-hl-szyd-ov.zjcdn.com/8e91a3b2070acd94c80bdb03c775db81/6917a5c7/video/tos/cn/tos-cn-ve-15/...
2025-11-15 05:18:25 - WARNING - Direct video URL có thể hết hạn, nhưng vẫn thử tải
2025-11-15 05:18:25 - INFO - Lưu video vào thư mục: F:/doyenVideoDowloads\Unknown
2025-11-15 05:18:25 - INFO - Phát hiện direct video URL, bỏ qua normalize: https://v5-hl-szyd-ov.zjcdn.com/7f9711aa19054d6c11d21e2fb5759539/6917a5c0/video/tos/cn/tos-cn-ve-15/...
2025-11-15 05:18:25 - INFO - Phát hiện direct video URL: https://v5-hl-szyd-ov.zjcdn.com/7f9711aa19054d6c11d21e2fb5759539/6917a5c0/video/tos/cn/tos-cn-ve-15/...
2025-11-15 05:18:25 - WARNING - Direct video URL có thể hết hạn, nhưng vẫn thử tải
2025-11-15 05:18:25 - INFO - Lưu video vào thư mục: F:/doyenVideoDowloads\Unknown
2025-11-15 05:18:25 - INFO - Phát hiện direct video URL, bỏ qua normalize: https://v5-hl-szyd-ov.zjcdn.com/cee5344787ae66c4d7ae6c220df85ca2/6917a5c4/video/tos/cn/tos-cn-ve-15/...
2025-11-15 05:18:25 - INFO - Phát hiện direct video URL: https://v5-hl-szyd-ov.zjcdn.com/cee5344787ae66c4d7ae6c220df85ca2/6917a5c4/video/tos/cn/tos-cn-ve-15/...
2025-11-15 05:18:25 - WARNING - Direct video URL có thể hết hạn, nhưng vẫn thử tải
2025-11-15 05:18:25 - INFO - Lưu video vào thư mục: F:/doyenVideoDowloads\Unknown
2025-11-15 05:18:25 - INFO - Phát hiện direct video URL, bỏ qua normalize: https://v5-hl-szyd-ov.zjcdn.com/5064933f098497ccca348cb7e389332c/6917a5c1/video/tos/cn/tos-cn-ve-15/...
2025-11-15 05:18:25 - INFO - Phát hiện direct video URL: https://v5-hl-szyd-ov.zjcdn.com/5064933f098497ccca348cb7e389332c/6917a5c1/video/tos/cn/tos-cn-ve-15/...
2025-11-15 05:18:25 - WARNING - Direct video URL có thể hết hạn, nhưng vẫn thử tải
2025-11-15 05:18:25 - INFO - Lưu video vào thư mục: F:/doyenVideoDowloads\Unknown
2025-11-15 05:18:25 - INFO - Phát hiện direct video URL, bỏ qua normalize: https://v5-hl-szyd-ov.zjcdn.com/8b8c98122da6b1fdfb3fb854a85c7813/6917a5c3/video/tos/cn/tos-cn-ve-15/...
2025-11-15 05:18:25 - INFO - Phát hiện direct video URL: https://v5-hl-szyd-ov.zjcdn.com/8b8c98122da6b1fdfb3fb854a85c7813/6917a5c3/video/tos/cn/tos-cn-ve-15/...
2025-11-15 05:18:25 - WARNING - Direct video URL có thể hết hạn, nhưng vẫn thử tải
2025-11-15 05:18:25 - INFO - Lưu video vào thư mục: F:/doyenVideoDowloads\Unknown
2025-11-15 05:18:26 - INFO - Phát hiện direct video URL, bỏ qua normalize: https://v5-hl-szyd-ov.zjcdn.com/964c459339f786a795453a46ea235503/6917a5c2/video/tos/cn/tos-cn-ve-15/...
2025-11-15 05:18:26 - INFO - Phát hiện direct video URL: https://v5-hl-szyd-ov.zjcdn.com/964c459339f786a795453a46ea235503/6917a5c2/video/tos/cn/tos-cn-ve-15/...
2025-11-15 05:18:26 - WARNING - Direct video URL có thể hết hạn, nhưng vẫn thử tải
2025-11-15 05:18:26 - INFO - Lưu video vào thư mục: F:/doyenVideoDowloads\Unknown
2025-11-15 05:18:26 - INFO - Phát hiện direct video URL, bỏ qua normalize: https://v5-hl-szyd-ov.zjcdn.com/f99ebd62ce0c9f9eb6eeb0505dcbd63e/6917a5c2/video/tos/cn/tos-cn-ve-15/...
2025-11-15 05:18:26 - INFO - Phát hiện direct video URL: https://v5-hl-szyd-ov.zjcdn.com/f99ebd62ce0c9f9eb6eeb0505dcbd63e/6917a5c2/video/tos/cn/tos-cn-ve-15/...
2025-11-15 05:18:26 - WARNING - Direct video URL có thể hết hạn, nhưng vẫn thử tải
2025-11-15 05:18:26 - INFO - Lưu video vào thư mục: F:/doyenVideoDowloads\Unknown
2025-11-15 05:18:26 - INFO - Phát hiện direct video URL, bỏ qua normalize: https://v5-hl-szyd-ov.zjcdn.com/ca61d463d344ecd00c09d8e03f08b537/6917a5c3/video/tos/cn/tos-cn-ve-15/...
2025-11-15 05:18:26 - INFO - Phát hiện direct video URL: https://v5-hl-szyd-ov.zjcdn.com/ca61d463d344ecd00c09d8e03f08b537/6917a5c3/video/tos/cn/tos-cn-ve-15/...
2025-11-15 05:18:26 - WARNING - Direct video URL có thể hết hạn, nhưng vẫn thử tải
2025-11-15 05:18:26 - INFO - Lưu video vào thư mục: F:/doyenVideoDowloads\Unknown
2025-11-15 05:18:26 - INFO - Phát hiện direct video URL, bỏ qua normalize: https://v5-hl-szyd-ov.zjcdn.com/c42513d5229c29546f5578de7f924a5c/6917a5c3/video/tos/cn/tos-cn-ve-15/...
2025-11-15 05:18:26 - INFO - Phát hiện direct video URL: https://v5-hl-szyd-ov.zjcdn.com/c42513d5229c29546f5578de7f924a5c/6917a5c3/video/tos/cn/tos-cn-ve-15/...
2025-11-15 05:18:26 - WARNING - Direct video URL có thể hết hạn, nhưng vẫn thử tải
2025-11-15 05:18:26 - INFO - Lưu video vào thư mục: F:/doyenVideoDowloads\Unknown
2025-11-15 05:18:26 - INFO - Phát hiện direct video URL, bỏ qua normalize: https://v5-hl-szyd-ov.zjcdn.com/e77484a6b800765d1c851c9dadd7f1b6/6917a5c4/video/tos/cn/tos-cn-ve-15/...
2025-11-15 05:18:27 - INFO - Phát hiện direct video URL: https://v5-hl-szyd-ov.zjcdn.com/e77484a6b800765d1c851c9dadd7f1b6/6917a5c4/video/tos/cn/tos-cn-ve-15/...
2025-11-15 05:18:27 - WARNING - Direct video URL có thể hết hạn, nhưng vẫn thử tải
2025-11-15 05:18:27 - INFO - Lưu video vào thư mục: F:/doyenVideoDowloads\Unknown
2025-11-15 05:18:27 - INFO - Phát hiện direct video URL, bỏ qua normalize: https://v5-hl-szyd-ov.zjcdn.com/4db4e24c20bce0fb0f023347b63812ae/6917a5c2/video/tos/cn/tos-cn-ve-15/...
2025-11-15 05:18:27 - INFO - Phát hiện direct video URL: https://v5-hl-szyd-ov.zjcdn.com/4db4e24c20bce0fb0f023347b63812ae/6917a5c2/video/tos/cn/tos-cn-ve-15/...
2025-11-15 05:18:27 - WARNING - Direct video URL có thể hết hạn, nhưng vẫn thử tải
2025-11-15 05:18:27 - INFO - Lưu video vào thư mục: F:/doyenVideoDowloads\Unknown
2025-11-15 05:18:27 - INFO - Phát hiện direct video URL, bỏ qua normalize: https://v5-hl-szyd-ov.zjcdn.com/8d6734b130a47b4eb8c7e21e1663acf6/6917a5c5/video/tos/cn/tos-cn-ve-15/...
2025-11-15 05:18:27 - INFO - Phát hiện direct video URL: https://v5-hl-szyd-ov.zjcdn.com/8d6734b130a47b4eb8c7e21e1663acf6/6917a5c5/video/tos/cn/tos-cn-ve-15/...
2025-11-15 05:18:27 - WARNING - Direct video URL có thể hết hạn, nhưng vẫn thử tải
2025-11-15 05:18:27 - INFO - Lưu video vào thư mục: F:/doyenVideoDowloads\Unknown
2025-11-15 05:18:27 - INFO - Phát hiện direct video URL, bỏ qua normalize: https://v5-hl-szyd-ov.zjcdn.com/f725df942006c7bb036d99b67ca10ceb/6917a5c4/video/tos/cn/tos-cn-ve-15/...
2025-11-15 05:18:27 - INFO - Phát hiện direct video URL: https://v5-hl-szyd-ov.zjcdn.com/f725df942006c7bb036d99b67ca10ceb/6917a5c4/video/tos/cn/tos-cn-ve-15/...
2025-11-15 05:18:27 - WARNING - Direct video URL có thể hết hạn, nhưng vẫn thử tải
2025-11-15 05:18:27 - INFO - Lưu video vào thư mục: F:/doyenVideoDowloads\Unknown
2025-11-15 05:18:27 - INFO - Phát hiện direct video URL, bỏ qua normalize: https://v5-hl-szyd-ov.zjcdn.com/fe297a82522aefd154b1e5c10009457e/6917a5cf/video/tos/cn/tos-cn-ve-15/...
2025-11-15 05:18:27 - INFO - Phát hiện direct video URL: https://v5-hl-szyd-ov.zjcdn.com/fe297a82522aefd154b1e5c10009457e/6917a5cf/video/tos/cn/tos-cn-ve-15/...
2025-11-15 05:18:27 - WARNING - Direct video URL có thể hết hạn, nhưng vẫn thử tải
2025-11-15 05:18:27 - INFO - Lưu video vào thư mục: F:/doyenVideoDowloads\Unknown
2025-11-15 05:18:27 - INFO - Phát hiện direct video URL, bỏ qua normalize: https://v5-hl-szyd-ov.zjcdn.com/2f70c607bb03bcb1fdd453143d1b9791/6917a5c3/video/tos/cn/tos-cn-ve-15/...
2025-11-15 05:18:27 - INFO - Phát hiện direct video URL: https://v5-hl-szyd-ov.zjcdn.com/2f70c607bb03bcb1fdd453143d1b9791/6917a5c3/video/tos/cn/tos-cn-ve-15/...
2025-11-15 05:18:27 - WARNING - Direct video URL có thể hết hạn, nhưng vẫn thử tải
2025-11-15 05:18:27 - INFO - Lưu video vào thư mục: F:/doyenVideoDowloads\Unknown
2025-11-15 05:18:28 - INFO - Phát hiện direct video URL, bỏ qua normalize: https://v5-hl-szyd-ov.zjcdn.com/050cf51bc94db9ac425aa0dc8b7f1383/6917a5ca/video/tos/cn/tos-cn-ve-15/...
2025-11-15 05:18:28 - INFO - Phát hiện direct video URL: https://v5-hl-szyd-ov.zjcdn.com/050cf51bc94db9ac425aa0dc8b7f1383/6917a5ca/video/tos/cn/tos-cn-ve-15/...
2025-11-15 05:18:28 - WARNING - Direct video URL có thể hết hạn, nhưng vẫn thử tải
2025-11-15 05:18:28 - INFO - Lưu video vào thư mục: F:/doyenVideoDowloads\Unknown
2025-11-15 05:18:28 - INFO - Phát hiện direct video URL, bỏ qua normalize: https://v5-hl-szyd-ov.zjcdn.com/adeede838db9c563992ccb62acfe6a51/6917a5c2/video/tos/cn/tos-cn-ve-15/...
2025-11-15 05:18:28 - INFO - Phát hiện direct video URL: https://v5-hl-szyd-ov.zjcdn.com/adeede838db9c563992ccb62acfe6a51/6917a5c2/video/tos/cn/tos-cn-ve-15/...
2025-11-15 05:18:28 - WARNING - Direct video URL có thể hết hạn, nhưng vẫn thử tải
2025-11-15 05:18:28 - INFO - Lưu video vào thư mục: F:/doyenVideoDowloads\Unknown
2025-11-15 05:18:28 - INFO - Phát hiện direct video URL, bỏ qua normalize: https://v5-hl-szyd-ov.zjcdn.com/387ce5a810b311daa4e8a62a8269a4ac/6917a5c3/video/tos/cn/tos-cn-ve-15/...
2025-11-15 05:18:28 - INFO - Phát hiện direct video URL: https://v5-hl-szyd-ov.zjcdn.com/387ce5a810b311daa4e8a62a8269a4ac/6917a5c3/video/tos/cn/tos-cn-ve-15/...
2025-11-15 05:18:28 - WARNING - Direct video URL có thể hết hạn, nhưng vẫn thử tải
2025-11-15 05:18:28 - INFO - Lưu video vào thư mục: F:/doyenVideoDowloads\Unknown
2025-11-15 05:18:28 - INFO - Phát hiện direct video URL, bỏ qua normalize: https://v5-hl-szyd-ov.zjcdn.com/a998dadc76fb9a4e9c8b591410ffefb2/6917a5c6/video/tos/cn/tos-cn-ve-15/...
2025-11-15 05:18:28 - INFO - Phát hiện direct video URL: https://v5-hl-szyd-ov.zjcdn.com/a998dadc76fb9a4e9c8b591410ffefb2/6917a5c6/video/tos/cn/tos-cn-ve-15/...
2025-11-15 05:18:28 - WARNING - Direct video URL có thể hết hạn, nhưng vẫn thử tải
2025-11-15 05:18:28 - INFO - Lưu video vào thư mục: F:/doyenVideoDowloads\Unknown
2025-11-15 05:18:28 - INFO - Phát hiện direct video URL, bỏ qua normalize: https://v5-hl-szyd-ov.zjcdn.com/c0fa6aa815cceef553275cb680550c41/6917a5c4/video/tos/cn/tos-cn-ve-15/...
2025-11-15 05:18:28 - INFO - Phát hiện direct video URL: https://v5-hl-szyd-ov.zjcdn.com/c0fa6aa815cceef553275cb680550c41/6917a5c4/video/tos/cn/tos-cn-ve-15/...
2025-11-15 05:18:28 - WARNING - Direct video URL có thể hết hạn, nhưng vẫn thử tải
2025-11-15 05:18:28 - INFO - Lưu video vào thư mục: F:/doyenVideoDowloads\Unknown
2025-11-15 05:18:28 - INFO - Phát hiện direct video URL, bỏ qua normalize: https://v5-hl-szyd-ov.zjcdn.com/14b56951715f098358b43401009bddff/6917a5c5/video/tos/cn/tos-cn-ve-15/...
2025-11-15 05:18:28 - INFO - Phát hiện direct video URL: https://v5-hl-szyd-ov.zjcdn.com/14b56951715f098358b43401009bddff/6917a5c5/video/tos/cn/tos-cn-ve-15/...
2025-11-15 05:18:28 - WARNING - Direct video URL có thể hết hạn, nhưng vẫn thử tải
2025-11-15 05:18:28 - INFO - Lưu video vào thư mục: F:/doyenVideoDowloads\Unknown
2025-11-15 05:18:29 - INFO - Phát hiện direct video URL, bỏ qua normalize: https://v5-hl-szyd-ov.zjcdn.com/83a14d8b8ef4a6d91b0ea2050fbd8233/6917a5c5/video/tos/cn/tos-cn-ve-15/...
2025-11-15 05:18:29 - INFO - Phát hiện direct video URL: https://v5-hl-szyd-ov.zjcdn.com/83a14d8b8ef4a6d91b0ea2050fbd8233/6917a5c5/video/tos/cn/tos-cn-ve-15/...
2025-11-15 05:18:29 - WARNING - Direct video URL có thể hết hạn, nhưng vẫn thử tải
2025-11-15 05:18:29 - INFO - Lưu video vào thư mục: F:/doyenVideoDowloads\Unknown
2025-11-15 05:18:29 - INFO - Phát hiện direct video URL, bỏ qua normalize: https://v5-hl-szyd-ov.zjcdn.com/77014b4d6876cc60ece897d7848546f4/6917a5c7/video/tos/cn/tos-cn-ve-15/...
2025-11-15 05:18:29 - INFO - Phát hiện direct video URL: https://v5-hl-szyd-ov.zjcdn.com/77014b4d6876cc60ece897d7848546f4/6917a5c7/video/tos/cn/tos-cn-ve-15/...
2025-11-15 05:18:29 - WARNING - Direct video URL có thể hết hạn, nhưng vẫn thử tải
2025-11-15 05:18:29 - INFO - Lưu video vào thư mục: F:/doyenVideoDowloads\Unknown
2025-11-15 05:18:29 - INFO - Phát hiện direct video URL, bỏ qua normalize: https://v5-hl-szyd-ov.zjcdn.com/28bece2a6f7614c86dd4d0ed072b458f/6917a5c6/video/tos/cn/tos-cn-ve-15/...
2025-11-15 05:18:29 - INFO - Phát hiện direct video URL: https://v5-hl-szyd-ov.zjcdn.com/28bece2a6f7614c86dd4d0ed072b458f/6917a5c6/video/tos/cn/tos-cn-ve-15/...
2025-11-15 05:18:29 - WARNING - Direct video URL có thể hết hạn, nhưng vẫn thử tải
2025-11-15 05:18:29 - INFO - Lưu video vào thư mục: F:/doyenVideoDowloads\Unknown
2025-11-15 05:18:29 - INFO - Phát hiện direct video URL, bỏ qua normalize: https://v5-hl-szyd-ov.zjcdn.com/df1fc5af492ffbce32b4841df7980553/6917a5c4/video/tos/cn/tos-cn-ve-15/...
2025-11-15 05:18:29 - INFO - Phát hiện direct video URL: https://v5-hl-szyd-ov.zjcdn.com/df1fc5af492ffbce32b4841df7980553/6917a5c4/video/tos/cn/tos-cn-ve-15/...
2025-11-15 05:18:29 - WARNING - Direct video URL có thể hết hạn, nhưng vẫn thử tải
2025-11-15 05:18:29 - INFO - Lưu video vào thư mục: F:/doyenVideoDowloads\Unknown
2025-11-15 05:18:29 - INFO - Phát hiện direct video URL, bỏ qua normalize: https://v5-hl-szyd-ov.zjcdn.com/3021d23eff9422cfd5bcddb01001bc56/6917a5c8/video/tos/cn/tos-cn-ve-15/...
2025-11-15 05:18:29 - INFO - Phát hiện direct video URL: https://v5-hl-szyd-ov.zjcdn.com/3021d23eff9422cfd5bcddb01001bc56/6917a5c8/video/tos/cn/tos-cn-ve-15/...
2025-11-15 05:18:29 - WARNING - Direct video URL có thể hết hạn, nhưng vẫn thử tải
2025-11-15 05:18:29 - INFO - Lưu video vào thư mục: F:/doyenVideoDowloads\Unknown
2025-11-15 05:18:29 - INFO - Phát hiện direct video URL, bỏ qua normalize: https://v5-hl-szyd-ov.zjcdn.com/fa68c2c3b58d8190ebc7917300f36a0b/6917a5c5/video/tos/cn/tos-cn-ve-15/...
2025-11-15 05:18:29 - INFO - Phát hiện direct video URL: https://v5-hl-szyd-ov.zjcdn.com/fa68c2c3b58d8190ebc7917300f36a0b/6917a5c5/video/tos/cn/tos-cn-ve-15/...
2025-11-15 05:18:29 - WARNING - Direct video URL có thể hết hạn, nhưng vẫn thử tải
2025-11-15 05:18:29 - INFO - Lưu video vào thư mục: F:/doyenVideoDowloads\Unknown
2025-11-15 05:18:29 - INFO - Phát hiện direct video URL, bỏ qua normalize: https://v5-hl-szyd-ov.zjcdn.com/56b1049b667d233a08e1b6354fbddb95/6917a5c9/video/tos/cn/tos-cn-ve-15/...
2025-11-15 05:18:29 - INFO - Phát hiện direct video URL: https://v5-hl-szyd-ov.zjcdn.com/56b1049b667d233a08e1b6354fbddb95/6917a5c9/video/tos/cn/tos-cn-ve-15/...
2025-11-15 05:18:29 - WARNING - Direct video URL có thể hết hạn, nhưng vẫn thử tải
2025-11-15 05:18:29 - INFO - Lưu video vào thư mục: F:/doyenVideoDowloads\Unknown
2025-11-15 05:18:30 - INFO - Phát hiện direct video URL, bỏ qua normalize: https://v5-hl-szyd-ov.zjcdn.com/25a061d088988c3f88d459f9b2686e04/6917a5ca/video/tos/cn/tos-cn-ve-15/...
2025-11-15 05:18:30 - INFO - Phát hiện direct video URL: https://v5-hl-szyd-ov.zjcdn.com/25a061d088988c3f88d459f9b2686e04/6917a5ca/video/tos/cn/tos-cn-ve-15/...
2025-11-15 05:18:30 - WARNING - Direct video URL có thể hết hạn, nhưng vẫn thử tải
2025-11-15 05:18:30 - INFO - Lưu video vào thư mục: F:/doyenVideoDowloads\Unknown
2025-11-15 05:18:30 - INFO - Phát hiện direct video URL, bỏ qua normalize: https://v5-hl-szyd-ov.zjcdn.com/2f8fc31d7555722ed5d51b7bbafc5f75/6917a5c8/video/tos/cn/tos-cn-ve-15/...
2025-11-15 05:18:30 - INFO - Phát hiện direct video URL: https://v5-hl-szyd-ov.zjcdn.com/2f8fc31d7555722ed5d51b7bbafc5f75/6917a5c8/video/tos/cn/tos-cn-ve-15/...
2025-11-15 05:18:30 - WARNING - Direct video URL có thể hết hạn, nhưng vẫn thử tải
2025-11-15 05:18:30 - INFO - Lưu video vào thư mục: F:/doyenVideoDowloads\Unknown
2025-11-15 05:18:30 - INFO - Phát hiện direct video URL, bỏ qua normalize: https://v5-hl-szyd-ov.zjcdn.com/cf45fd03cf1d0cbcb76f5c865aa3e343/6917a5c8/video/tos/cn/tos-cn-ve-15/...
2025-11-15 05:18:30 - INFO - Phát hiện direct video URL: https://v5-hl-szyd-ov.zjcdn.com/cf45fd03cf1d0cbcb76f5c865aa3e343/6917a5c8/video/tos/cn/tos-cn-ve-15/...
2025-11-15 05:18:30 - WARNING - Direct video URL có thể hết hạn, nhưng vẫn thử tải
2025-11-15 05:18:30 - INFO - Lưu video vào thư mục: F:/doyenVideoDowloads\Unknown
2025-11-15 05:18:30 - INFO - Phát hiện direct video URL, bỏ qua normalize: https://v5-hl-szyd-ov.zjcdn.com/e6a822921b9d5ad4d8ddc7c77d107d4f/6917a5cc/video/tos/cn/tos-cn-ve-15/...
2025-11-15 05:18:30 - INFO - Phát hiện direct video URL: https://v5-hl-szyd-ov.zjcdn.com/e6a822921b9d5ad4d8ddc7c77d107d4f/6917a5cc/video/tos/cn/tos-cn-ve-15/...
2025-11-15 05:18:30 - WARNING - Direct video URL có thể hết hạn, nhưng vẫn thử tải
2025-11-15 05:18:30 - INFO - Lưu video vào thư mục: F:/doyenVideoDowloads\Unknown
2025-11-15 05:18:30 - INFO - Phát hiện direct video URL, bỏ qua normalize: https://v5-hl-szyd-ov.zjcdn.com/958e8b37ac62c6306570eb14f66d245c/6917a5c8/video/tos/cn/tos-cn-ve-15/...
2025-11-15 05:18:30 - INFO - Phát hiện direct video URL: https://v5-hl-szyd-ov.zjcdn.com/958e8b37ac62c6306570eb14f66d245c/6917a5c8/video/tos/cn/tos-cn-ve-15/...
2025-11-15 05:18:30 - WARNING - Direct video URL có thể hết hạn, nhưng vẫn thử tải
2025-11-15 05:18:30 - INFO - Lưu video vào thư mục: F:/doyenVideoDowloads\Unknown
2025-11-15 05:18:31 - INFO - Phát hiện direct video URL, bỏ qua normalize: https://sf5-hl-ali-cdn-tos.douyinstatic.com/obj/tos-cn-ve-2774/o0PMImK0RBBixBBZNWi2gszQRWQQrAtqMVfpS...
2025-11-15 05:18:31 - INFO - Phát hiện direct video URL: https://sf5-hl-ali-cdn-tos.douyinstatic.com/obj/tos-cn-ve-2774/o0PMImK0RBBixBBZNWi2gszQRWQQrAtqMVfpS...
2025-11-15 05:18:31 - WARNING - Direct video URL có thể hết hạn, nhưng vẫn thử tải
2025-11-15 05:18:31 - INFO - Lưu video vào thư mục: F:/doyenVideoDowloads\Unknown
2025-11-15 05:18:33 - INFO - Phát hiện direct video URL, bỏ qua normalize: https://v5-hl-szyd-ov.zjcdn.com/04625f0eb51bb4823d2b503da7567453/6917a5c8/video/tos/cn/tos-cn-ve-15/...
2025-11-15 05:18:33 - INFO - Phát hiện direct video URL: https://v5-hl-szyd-ov.zjcdn.com/04625f0eb51bb4823d2b503da7567453/6917a5c8/video/tos/cn/tos-cn-ve-15/...
2025-11-15 05:18:33 - WARNING - Direct video URL có thể hết hạn, nhưng vẫn thử tải
2025-11-15 05:18:33 - INFO - Lưu video vào thư mục: F:/doyenVideoDowloads\Unknown
2025-11-15 05:18:34 - INFO - Phát hiện direct video URL, bỏ qua normalize: https://v5-hl-szyd-ov.zjcdn.com/a770e07ba6e00796007089c3bf9ef2b1/6917a5c7/video/tos/cn/tos-cn-ve-15/...
2025-11-15 05:18:34 - INFO - Phát hiện direct video URL: https://v5-hl-szyd-ov.zjcdn.com/a770e07ba6e00796007089c3bf9ef2b1/6917a5c7/video/tos/cn/tos-cn-ve-15/...
2025-11-15 05:18:34 - WARNING - Direct video URL có thể hết hạn, nhưng vẫn thử tải
2025-11-15 05:18:34 - INFO - Lưu video vào thư mục: F:/doyenVideoDowloads\Unknown
2025-11-15 05:18:34 - INFO - Phát hiện direct video URL, bỏ qua normalize: https://sf5-hl-cdn-tos.douyinstatic.com/obj/ies-music/7444694188668521242.mp3...
2025-11-15 05:18:34 - INFO - Phát hiện direct video URL: https://sf5-hl-cdn-tos.douyinstatic.com/obj/ies-music/7444694188668521242.mp3...
2025-11-15 05:18:34 - WARNING - Direct video URL có thể hết hạn, nhưng vẫn thử tải
2025-11-15 05:18:34 - INFO - Lưu video vào thư mục: F:/doyenVideoDowloads\Unknown
2025-11-15 05:18:36 - INFO - Phát hiện direct video URL, bỏ qua normalize: https://v5-hl-szyd-ov.zjcdn.com/0ac3625721dde4ba7353b4c72a769710/6917a5c6/video/tos/cn/tos-cn-ve-15/...
2025-11-15 05:18:36 - INFO - Phát hiện direct video URL: https://v5-hl-szyd-ov.zjcdn.com/0ac3625721dde4ba7353b4c72a769710/6917a5c6/video/tos/cn/tos-cn-ve-15/...
2025-11-15 05:18:36 - WARNING - Direct video URL có thể hết hạn, nhưng vẫn thử tải
2025-11-15 05:18:36 - INFO - Lưu video vào thư mục: F:/doyenVideoDowloads\Unknown
2025-11-15 05:18:36 - INFO - Phát hiện direct video URL, bỏ qua normalize: https://v5-hl-szyd-ov.zjcdn.com/44a78e3266a110e8303cf5cc3438d9ba/6917a5c6/video/tos/cn/tos-cn-ve-15/...
2025-11-15 05:18:36 - INFO - Phát hiện direct video URL: https://v5-hl-szyd-ov.zjcdn.com/44a78e3266a110e8303cf5cc3438d9ba/6917a5c6/video/tos/cn/tos-cn-ve-15/...
2025-11-15 05:18:36 - WARNING - Direct video URL có thể hết hạn, nhưng vẫn thử tải
2025-11-15 05:18:36 - INFO - Lưu video vào thư mục: F:/doyenVideoDowloads\Unknown
2025-11-15 05:18:36 - INFO - Phát hiện direct video URL, bỏ qua normalize: https://v5-hl-szyd-ov.zjcdn.com/a7518300fad287bd7a41ff60ecbcc2cb/6917a5da/video/tos/cn/tos-cn-ve-15/...
2025-11-15 05:18:36 - INFO - Phát hiện direct video URL: https://v5-hl-szyd-ov.zjcdn.com/a7518300fad287bd7a41ff60ecbcc2cb/6917a5da/video/tos/cn/tos-cn-ve-15/...
2025-11-15 05:18:36 - WARNING - Direct video URL có thể hết hạn, nhưng vẫn thử tải
2025-11-15 05:18:36 - INFO - Lưu video vào thư mục: F:/doyenVideoDowloads\Unknown
2025-11-15 05:18:36 - INFO - Phát hiện direct video URL, bỏ qua normalize: https://v5-hl-szyd-ov.zjcdn.com/5d51885f6bc3e38936e1801c63252b3f/6917a5ca/video/tos/cn/tos-cn-ve-15/...
2025-11-15 05:18:36 - INFO - Phát hiện direct video URL: https://v5-hl-szyd-ov.zjcdn.com/5d51885f6bc3e38936e1801c63252b3f/6917a5ca/video/tos/cn/tos-cn-ve-15/...
2025-11-15 05:18:36 - WARNING - Direct video URL có thể hết hạn, nhưng vẫn thử tải
2025-11-15 05:18:36 - INFO - Lưu video vào thư mục: F:/doyenVideoDowloads\Unknown
2025-11-15 05:18:36 - INFO - Phát hiện direct video URL, bỏ qua normalize: https://v5-hl-szyd-ov.zjcdn.com/c816c9323077c679d3b8c78e71b66708/6917a5cd/video/tos/cn/tos-cn-ve-15/...
2025-11-15 05:18:36 - INFO - Phát hiện direct video URL: https://v5-hl-szyd-ov.zjcdn.com/c816c9323077c679d3b8c78e71b66708/6917a5cd/video/tos/cn/tos-cn-ve-15/...
2025-11-15 05:18:36 - WARNING - Direct video URL có thể hết hạn, nhưng vẫn thử tải
2025-11-15 05:18:36 - INFO - Lưu video vào thư mục: F:/doyenVideoDowloads\Unknown
2025-11-15 05:18:36 - INFO - Phát hiện direct video URL, bỏ qua normalize: https://v5-hl-szyd-ov.zjcdn.com/5fb13d77a9b310182a2bf7323463eb5a/6917a5c9/video/tos/cn/tos-cn-ve-15c...
2025-11-15 05:18:36 - INFO - Phát hiện direct video URL: https://v5-hl-szyd-ov.zjcdn.com/5fb13d77a9b310182a2bf7323463eb5a/6917a5c9/video/tos/cn/tos-cn-ve-15c...
2025-11-15 05:18:36 - WARNING - Direct video URL có thể hết hạn, nhưng vẫn thử tải
2025-11-15 05:18:36 - INFO - Lưu video vào thư mục: F:/doyenVideoDowloads\Unknown
2025-11-15 05:18:37 - INFO - Phát hiện direct video URL, bỏ qua normalize: https://v5-hl-szyd-ov.zjcdn.com/890ad2c129d2b5873548f335d1b449a6/6917a5c8/video/tos/cn/tos-cn-ve-15c...
2025-11-15 05:18:37 - INFO - Phát hiện direct video URL: https://v5-hl-szyd-ov.zjcdn.com/890ad2c129d2b5873548f335d1b449a6/6917a5c8/video/tos/cn/tos-cn-ve-15c...
2025-11-15 05:18:37 - WARNING - Direct video URL có thể hết hạn, nhưng vẫn thử tải
2025-11-15 05:18:37 - INFO - Lưu video vào thư mục: F:/doyenVideoDowloads\Unknown
2025-11-15 05:18:37 - INFO - Phát hiện direct video URL, bỏ qua normalize: https://v5-hl-szyd-ov.zjcdn.com/ae7789338b041b750ced290791540766/6917a5c8/video/tos/cn/tos-cn-ve-15c...
2025-11-15 05:18:37 - INFO - Phát hiện direct video URL: https://v5-hl-szyd-ov.zjcdn.com/ae7789338b041b750ced290791540766/6917a5c8/video/tos/cn/tos-cn-ve-15c...
2025-11-15 05:18:37 - WARNING - Direct video URL có thể hết hạn, nhưng vẫn thử tải
2025-11-15 05:18:37 - INFO - Lưu video vào thư mục: F:/doyenVideoDowloads\Unknown
2025-11-15 05:18:37 - INFO - Phát hiện direct video URL, bỏ qua normalize: https://v5-hl-szyd-ov.zjcdn.com/272ffc4781fc733dae40d609118e0a6a/6917a5c8/video/tos/cn/tos-cn-ve-15c...
2025-11-15 05:18:37 - INFO - Phát hiện direct video URL: https://v5-hl-szyd-ov.zjcdn.com/272ffc4781fc733dae40d609118e0a6a/6917a5c8/video/tos/cn/tos-cn-ve-15c...
2025-11-15 05:18:37 - WARNING - Direct video URL có thể hết hạn, nhưng vẫn thử tải
2025-11-15 05:18:37 - INFO - Lưu video vào thư mục: F:/doyenVideoDowloads\Unknown
2025-11-15 05:18:37 - INFO - Phát hiện direct video URL, bỏ qua normalize: https://v5-hl-szyd-ov.zjcdn.com/23a594095ebb6bbe967a369048ae5b8b/6917a5cc/video/tos/cn/tos-cn-ve-15/...
2025-11-15 05:18:37 - INFO - Phát hiện direct video URL: https://v5-hl-szyd-ov.zjcdn.com/23a594095ebb6bbe967a369048ae5b8b/6917a5cc/video/tos/cn/tos-cn-ve-15/...
2025-11-15 05:18:37 - WARNING - Direct video URL có thể hết hạn, nhưng vẫn thử tải
2025-11-15 05:18:37 - INFO - Lưu video vào thư mục: F:/doyenVideoDowloads\Unknown
2025-11-15 05:18:37 - INFO - Phát hiện direct video URL, bỏ qua normalize: https://v5-hl-szyd-ov.zjcdn.com/b35290d2cce27dda0fc5e74c005810d1/6917a5c9/video/tos/cn/tos-cn-ve-15c...
2025-11-15 05:18:37 - INFO - Phát hiện direct video URL: https://v5-hl-szyd-ov.zjcdn.com/b35290d2cce27dda0fc5e74c005810d1/6917a5c9/video/tos/cn/tos-cn-ve-15c...
2025-11-15 05:18:37 - WARNING - Direct video URL có thể hết hạn, nhưng vẫn thử tải
2025-11-15 05:18:37 - INFO - Lưu video vào thư mục: F:/doyenVideoDowloads\Unknown
2025-11-15 05:18:38 - INFO - Phát hiện direct video URL, bỏ qua normalize: https://v5-hl-szyd-ov.zjcdn.com/3e94c692bbdace1f7947d0348b2e62b9/6917a5c9/video/tos/cn/tos-cn-ve-15/...
2025-11-15 05:18:38 - INFO - Phát hiện direct video URL: https://v5-hl-szyd-ov.zjcdn.com/3e94c692bbdace1f7947d0348b2e62b9/6917a5c9/video/tos/cn/tos-cn-ve-15/...
2025-11-15 05:18:38 - WARNING - Direct video URL có thể hết hạn, nhưng vẫn thử tải
2025-11-15 05:18:38 - INFO - Lưu video vào thư mục: F:/doyenVideoDowloads\Unknown
2025-11-15 05:18:38 - INFO - Phát hiện direct video URL, bỏ qua normalize: https://v5-hl-szyd-ov.zjcdn.com/bc43850441c347036e06315b5eba6590/6917a5cc/video/tos/cn/tos-cn-ve-15/...
2025-11-15 05:18:38 - INFO - Phát hiện direct video URL: https://v5-hl-szyd-ov.zjcdn.com/bc43850441c347036e06315b5eba6590/6917a5cc/video/tos/cn/tos-cn-ve-15/...
2025-11-15 05:18:38 - WARNING - Direct video URL có thể hết hạn, nhưng vẫn thử tải
2025-11-15 05:18:38 - INFO - Lưu video vào thư mục: F:/doyenVideoDowloads\Unknown
2025-11-15 05:18:38 - INFO - Phát hiện direct video URL, bỏ qua normalize: https://v5-hl-szyd-ov.zjcdn.com/84126eba15ebc6812580452af21e839d/6917a5cb/video/tos/cn/tos-cn-ve-15/...
2025-11-15 05:18:38 - INFO - Phát hiện direct video URL: https://v5-hl-szyd-ov.zjcdn.com/84126eba15ebc6812580452af21e839d/6917a5cb/video/tos/cn/tos-cn-ve-15/...
2025-11-15 05:18:38 - WARNING - Direct video URL có thể hết hạn, nhưng vẫn thử tải
2025-11-15 05:18:38 - INFO - Lưu video vào thư mục: F:/doyenVideoDowloads\Unknown
2025-11-15 05:18:38 - INFO - Phát hiện direct video URL, bỏ qua normalize: https://v5-hl-szyd-ov.zjcdn.com/54221759114d6b7eab32c19fa79146f2/6917a5d5/video/tos/cn/tos-cn-ve-15c...
2025-11-15 05:18:38 - INFO - Phát hiện direct video URL: https://v5-hl-szyd-ov.zjcdn.com/54221759114d6b7eab32c19fa79146f2/6917a5d5/video/tos/cn/tos-cn-ve-15c...
2025-11-15 05:18:38 - WARNING - Direct video URL có thể hết hạn, nhưng vẫn thử tải
2025-11-15 05:18:38 - INFO - Lưu video vào thư mục: F:/doyenVideoDowloads\Unknown
2025-11-15 05:18:38 - INFO - Phát hiện direct video URL, bỏ qua normalize: https://v5-hl-szyd-ov.zjcdn.com/dfcd6166c66c526c7f746ac146426086/6917a5ca/video/tos/cn/tos-cn-ve-15/...
2025-11-15 05:18:38 - INFO - Phát hiện direct video URL: https://v5-hl-szyd-ov.zjcdn.com/dfcd6166c66c526c7f746ac146426086/6917a5ca/video/tos/cn/tos-cn-ve-15/...
2025-11-15 05:18:38 - WARNING - Direct video URL có thể hết hạn, nhưng vẫn thử tải
2025-11-15 05:18:38 - INFO - Lưu video vào thư mục: F:/doyenVideoDowloads\Unknown
2025-11-15 05:18:38 - INFO - Phát hiện direct video URL, bỏ qua normalize: https://v5-hl-szyd-ov.zjcdn.com/e3e73d9b730c44bcb08e5fb093fb44a1/6917a5cb/video/tos/cn/tos-cn-ve-15c...
2025-11-15 05:18:38 - INFO - Phát hiện direct video URL: https://v5-hl-szyd-ov.zjcdn.com/e3e73d9b730c44bcb08e5fb093fb44a1/6917a5cb/video/tos/cn/tos-cn-ve-15c...
2025-11-15 05:18:38 - WARNING - Direct video URL có thể hết hạn, nhưng vẫn thử tải
2025-11-15 05:18:38 - INFO - Lưu video vào thư mục: F:/doyenVideoDowloads\Unknown
2025-11-15 05:18:38 - INFO - Phát hiện direct video URL, bỏ qua normalize: https://v5-hl-szyd-ov.zjcdn.com/4be16545c085d2e6b3d1ed2110719d2a/6917a5ca/video/tos/cn/tos-cn-ve-15/...
2025-11-15 05:18:38 - INFO - Phát hiện direct video URL: https://v5-hl-szyd-ov.zjcdn.com/4be16545c085d2e6b3d1ed2110719d2a/6917a5ca/video/tos/cn/tos-cn-ve-15/...
2025-11-15 05:18:38 - WARNING - Direct video URL có thể hết hạn, nhưng vẫn thử tải
2025-11-15 05:18:38 - INFO - Lưu video vào thư mục: F:/doyenVideoDowloads\Unknown
2025-11-15 05:18:39 - INFO - Phát hiện direct video URL, bỏ qua normalize: https://v5-hl-szyd-ov.zjcdn.com/d0ee8bbbcf2e82326a320dbbca5bf971/6917a5cb/video/tos/cn/tos-cn-ve-15/...
2025-11-15 05:18:39 - INFO - Phát hiện direct video URL: https://v5-hl-szyd-ov.zjcdn.com/d0ee8bbbcf2e82326a320dbbca5bf971/6917a5cb/video/tos/cn/tos-cn-ve-15/...
2025-11-15 05:18:39 - WARNING - Direct video URL có thể hết hạn, nhưng vẫn thử tải
2025-11-15 05:18:39 - INFO - Lưu video vào thư mục: F:/doyenVideoDowloads\Unknown
2025-11-15 05:18:39 - INFO - Phát hiện direct video URL, bỏ qua normalize: https://v5-hl-szyd-ov.zjcdn.com/9cf11ee040cd2b0b966f20d599825a33/6917a5ca/video/tos/cn/tos-cn-ve-15/...
2025-11-15 05:18:39 - INFO - Phát hiện direct video URL: https://v5-hl-szyd-ov.zjcdn.com/9cf11ee040cd2b0b966f20d599825a33/6917a5ca/video/tos/cn/tos-cn-ve-15/...
2025-11-15 05:18:39 - WARNING - Direct video URL có thể hết hạn, nhưng vẫn thử tải
2025-11-15 05:18:39 - INFO - Lưu video vào thư mục: F:/doyenVideoDowloads\Unknown
2025-11-15 05:18:39 - INFO - Phát hiện direct video URL, bỏ qua normalize: https://v5-hl-szyd-ov.zjcdn.com/1aa02248b2919f837628869add71455c/6917a5ca/video/tos/cn/tos-cn-ve-15/...
2025-11-15 05:18:39 - INFO - Phát hiện direct video URL: https://v5-hl-szyd-ov.zjcdn.com/1aa02248b2919f837628869add71455c/6917a5ca/video/tos/cn/tos-cn-ve-15/...
2025-11-15 05:18:39 - WARNING - Direct video URL có thể hết hạn, nhưng vẫn thử tải
2025-11-15 05:18:39 - INFO - Lưu video vào thư mục: F:/doyenVideoDowloads\Unknown
